[2024-04-29 23:40:25:910 ] [32m[background-preinit][0;39m [34mINFO [0;39m [1;37m[org.hibernate.validator.internal.util.Version.<clinit>:[33m21[0;39m][0;39m - HV000001: Hibernate Validator 8.0.1.Final
[2024-04-29 23:40:26:970 ] [32m[restartedMain][0;39m [34mINFO [0;39m [1;37m[org.springframework.boot.StartupInfoLogger.logStarting:[33m50[0;39m][0;39m - Starting CloneTvingApplication using Java 17.0.8 with PID 13852 (C:\Users\zmfms\Desktop\Hoyeonjigi\CloneTving\clone-tving\build\classes\java\main started by zmfms in C:\Users\zmfms\Desktop\Hoyeonjigi\CloneTving\clone-tving)
[2024-04-29 23:40:26:972 ] [32m[restartedMain][0;39m [34mINFO [0;39m [1;37m[org.springframework.boot.SpringApplication.logStartupProfileInfo:[33m659[0;39m][0;39m - The following 1 profile is active: "prod"
[2024-04-29 23:40:26:1115] [32m[restartedMain][0;39m [34mINFO [0;39m [1;37m[org.springframework.boot.logging.DeferredLog.logTo:[33m252[0;39m][0;39m - Devtools property defaults active! Set 'spring.devtools.add-properties' to 'false' to disable
[2024-04-29 23:40:26:1115] [32m[restartedMain][0;39m [34mINFO [0;39m [1;37m[org.springframework.boot.logging.DeferredLog.logTo:[33m252[0;39m][0;39m - For additional web related logging consider setting the 'logging.level.web' property to 'DEBUG'
[2024-04-29 23:40:27:2297] [32m[restartedMain][0;39m [34mINFO [0;39m [1;37m[org.springframework.data.repository.config.RepositoryConfigurationDelegate.registerRepositoriesIn:[33m139[0;39m][0;39m - Bootstrapping Spring Data JPA repositories in DEFAULT mode.
[2024-04-29 23:40:27:2396] [32m[restartedMain][0;39m [34mINFO [0;39m [1;37m[org.springframework.data.repository.config.RepositoryConfigurationDelegate.registerRepositoriesIn:[33m208[0;39m][0;39m - Finished Spring Data repository scanning in 89 ms. Found 7 JPA repository interfaces.
[2024-04-29 23:40:27:2739] [32m[restartedMain][0;39m [34mINFO [0;39m [1;37m[com.ulisesbocchio.jasyptspringboot.configuration.EnableEncryptablePropertiesBeanFactoryPostProcessor.postProcessBeanFactory:[33m44[0;39m][0;39m - Post-processing PropertySource instances
[2024-04-29 23:40:27:2741] [32m[restartedMain][0;39m [34mINFO [0;39m [1;37m[com.ulisesbocchio.jasyptspringboot.EncryptablePropertySourceConverter.makeEncryptable:[33m105[0;39m][0;39m - Skipping PropertySource configurationProperties [class org.springframework.boot.context.properties.source.ConfigurationPropertySourcesPropertySource
[2024-04-29 23:40:27:2741] [32m[restartedMain][0;39m [34mINFO [0;39m [1;37m[com.ulisesbocchio.jasyptspringboot.EncryptablePropertySourceConverter.makeEncryptable:[33m105[0;39m][0;39m - Skipping PropertySource servletConfigInitParams [class org.springframework.core.env.PropertySource$StubPropertySource
[2024-04-29 23:40:27:2741] [32m[restartedMain][0;39m [34mINFO [0;39m [1;37m[com.ulisesbocchio.jasyptspringboot.EncryptablePropertySourceConverter.makeEncryptable:[33m105[0;39m][0;39m - Skipping PropertySource servletContextInitParams [class org.springframework.core.env.PropertySource$StubPropertySource
[2024-04-29 23:40:27:2743] [32m[restartedMain][0;39m [34mINFO [0;39m [1;37m[com.ulisesbocchio.jasyptspringboot.EncryptablePropertySourceConverter.makeEncryptable:[33m110[0;39m][0;39m - Converting PropertySource systemProperties [org.springframework.core.env.PropertiesPropertySource] to EncryptableMapPropertySourceWrapper
[2024-04-29 23:40:27:2743] [32m[restartedMain][0;39m [34mINFO [0;39m [1;37m[com.ulisesbocchio.jasyptspringboot.EncryptablePropertySourceConverter.makeEncryptable:[33m110[0;39m][0;39m - Converting PropertySource systemEnvironment [org.springframework.boot.env.SystemEnvironmentPropertySourceEnvironmentPostProcessor$OriginAwareSystemEnvironmentPropertySource] to EncryptableSystemEnvironmentPropertySourceWrapper
[2024-04-29 23:40:27:2743] [32m[restartedMain][0;39m [34mINFO [0;39m [1;37m[com.ulisesbocchio.jasyptspringboot.EncryptablePropertySourceConverter.makeEncryptable:[33m110[0;39m][0;39m - Converting PropertySource random [org.springframework.boot.env.RandomValuePropertySource] to EncryptablePropertySourceWrapper
[2024-04-29 23:40:27:2744] [32m[restartedMain][0;39m [34mINFO [0;39m [1;37m[com.ulisesbocchio.jasyptspringboot.EncryptablePropertySourceConverter.makeEncryptable:[33m110[0;39m][0;39m - Converting PropertySource Config resource 'class path resource [application.properties]' via location 'optional:classpath:/' [org.springframework.boot.env.OriginTrackedMapPropertySource] to EncryptableMapPropertySourceWrapper
[2024-04-29 23:40:27:2744] [32m[restartedMain][0;39m [34mINFO [0;39m [1;37m[com.ulisesbocchio.jasyptspringboot.EncryptablePropertySourceConverter.makeEncryptable:[33m110[0;39m][0;39m - Converting PropertySource devtools [org.springframework.core.env.MapPropertySource] to EncryptableMapPropertySourceWrapper
[2024-04-29 23:40:27:2744] [32m[restartedMain][0;39m [34mINFO [0;39m [1;37m[com.ulisesbocchio.jasyptspringboot.EncryptablePropertySourceConverter.makeEncryptable:[33m110[0;39m][0;39m - Converting PropertySource class path resource [application.properties] [org.springframework.core.io.support.ResourcePropertySource] to EncryptableMapPropertySourceWrapper
[2024-04-29 23:40:28:2944] [32m[restartedMain][0;39m [34mINFO [0;39m [1;37m[com.ulisesbocchio.jasyptspringboot.filter.DefaultLazyPropertyFilter.lambda$new$2:[33m45[0;39m][0;39m - Property Filter custom Bean not found with name 'encryptablePropertyFilter'. Initializing Default Property Filter
[2024-04-29 23:40:28:2963] [32m[restartedMain][0;39m [34mINFO [0;39m [1;37m[com.ulisesbocchio.jasyptspringboot.resolver.DefaultLazyPropertyResolver.lambda$new$2:[33m46[0;39m][0;39m - Property Resolver custom Bean not found with name 'encryptablePropertyResolver'. Initializing Default Property Resolver
[2024-04-29 23:40:28:2966] [32m[restartedMain][0;39m [34mINFO [0;39m [1;37m[com.ulisesbocchio.jasyptspringboot.detector.DefaultLazyPropertyDetector.lambda$new$2:[33m44[0;39m][0;39m - Property Detector custom Bean not found with name 'encryptablePropertyDetector'. Initializing Default Property Detector
[2024-04-29 23:40:28:3384] [32m[restartedMain][0;39m [34mINFO [0;39m [1;37m[org.springframework.boot.web.embedded.tomcat.TomcatWebServer.initialize:[33m108[0;39m][0;39m - Tomcat initialized with port 8080 (http)
[2024-04-29 23:40:28:3396] [32m[restartedMain][0;39m [34mINFO [0;39m [1;37m[org.apache.juli.logging.DirectJDKLog.log:[33m173[0;39m][0;39m - Initializing ProtocolHandler ["http-nio-8080"]
[2024-04-29 23:40:28:3400] [32m[restartedMain][0;39m [34mINFO [0;39m [1;37m[org.apache.juli.logging.DirectJDKLog.log:[33m173[0;39m][0;39m - Starting service [Tomcat]
[2024-04-29 23:40:28:3401] [32m[restartedMain][0;39m [34mINFO [0;39m [1;37m[org.apache.juli.logging.DirectJDKLog.log:[33m173[0;39m][0;39m - Starting Servlet engine: [Apache Tomcat/10.1.16]
[2024-04-29 23:40:28:3492] [32m[restartedMain][0;39m [34mINFO [0;39m [1;37m[org.apache.juli.logging.DirectJDKLog.log:[33m173[0;39m][0;39m - Initializing Spring embedded WebApplicationContext
[2024-04-29 23:40:28:3493] [32m[restartedMain][0;39m [34mINFO [0;39m [1;37m[org.springframework.boot.web.servlet.context.ServletWebServerApplicationContext.prepareWebApplicationContext:[33m296[0;39m][0;39m - Root WebApplicationContext: initialization completed in 2377 ms
[2024-04-29 23:40:28:3639] [32m[restartedMain][0;39m [34mINFO [0;39m [1;37m[com.ulisesbocchio.jasyptspringboot.encryptor.DefaultLazyEncryptor.lambda$new$1:[33m41[0;39m][0;39m - Found Custom Encryptor Bean org.jasypt.encryption.pbe.PooledPBEStringEncryptor@72bef7be with name: jasyptEncryptorAES
[2024-04-29 23:40:28:3789] [32m[restartedMain][0;39m [34mINFO [0;39m [1;37m[com.zaxxer.hikari.HikariDataSource.<init>:[33m80[0;39m][0;39m - HikariPool-1 - Starting...
[2024-04-29 23:40:29:4239] [32m[restartedMain][0;39m [34mINFO [0;39m [1;37m[com.zaxxer.hikari.pool.HikariPool.checkFailFast:[33m565[0;39m][0;39m - HikariPool-1 - Added connection com.mysql.cj.jdbc.ConnectionImpl@1257d54e
[2024-04-29 23:40:29:4242] [32m[restartedMain][0;39m [34mINFO [0;39m [1;37m[com.zaxxer.hikari.HikariDataSource.<init>:[33m82[0;39m][0;39m - HikariPool-1 - Start completed.
[2024-04-29 23:40:29:4359] [32m[restartedMain][0;39m [34mINFO [0;39m [1;37m[org.hibernate.jpa.internal.util.LogHelper.logPersistenceUnitInformation:[33m31[0;39m][0;39m - HHH000204: Processing PersistenceUnitInfo [name: default]
[2024-04-29 23:40:29:4430] [32m[restartedMain][0;39m [34mINFO [0;39m [1;37m[org.hibernate.Version.logVersion:[33m44[0;39m][0;39m - HHH000412: Hibernate ORM core version 6.3.1.Final
[2024-04-29 23:40:29:4483] [32m[restartedMain][0;39m [34mINFO [0;39m [1;37m[org.hibernate.cache.internal.RegionFactoryInitiator.initiateService:[33m50[0;39m][0;39m - HHH000026: Second-level cache disabled
[2024-04-29 23:40:29:4894] [32m[restartedMain][0;39m [34mINFO [0;39m [1;37m[org.springframework.orm.jpa.persistenceunit.SpringPersistenceUnitInfo.addTransformer:[33m87[0;39m][0;39m - No LoadTimeWeaver setup: ignoring JPA class transformer
[2024-04-29 23:40:31:6162] [32m[restartedMain][0;39m [34mINFO [0;39m [1;37m[org.hibernate.engine.transaction.jta.platform.internal.JtaPlatformInitiator.initiateService:[33m58[0;39m][0;39m - HHH000489: No JTA platform available (set 'hibernate.transaction.jta.platform' to enable JTA platform integration)
[2024-04-29 23:40:31:6165] [32m[restartedMain][0;39m [34mINFO [0;39m [1;37m[org.springframework.orm.jpa.AbstractEntityManagerFactoryBean.buildNativeEntityManagerFactory:[33m437[0;39m][0;39m - Initialized JPA EntityManagerFactory for persistence unit 'default'
[2024-04-29 23:40:31:6509] [32m[restartedMain][0;39m [34mINFO [0;39m [1;37m[org.springframework.data.jpa.repository.query.QueryEnhancerFactory.<clinit>:[33m49[0;39m][0;39m - Hibernate is in classpath; If applicable, HQL parser will be used.
