[2024-02-24 16:50:14:793 ] [32m[background-preinit][0;39m [34mINFO [0;39m [1;37m[org.hibernate.validator.internal.util.Version.<clinit>:[33m21[0;39m][0;39m - HV000001: Hibernate Validator 8.0.1.Final
[2024-02-24 16:50:14:852 ] [32m[restartedMain][0;39m [34mINFO [0;39m [1;37m[org.springframework.boot.StartupInfoLogger.logStarting:[33m50[0;39m][0;39m - Starting CloneTvingApplication using Java 17.0.8 with PID 17856 (C:\Users\zmfms\Desktop\Hoyeonjigi\CloneTving\clone-tving\build\classes\java\main started by zmfms in C:\Users\zmfms\Desktop\Hoyeonjigi\CloneTving\clone-tving)
[2024-02-24 16:50:14:853 ] [32m[restartedMain][0;39m [34mINFO [0;39m [1;37m[org.springframework.boot.SpringApplication.logStartupProfileInfo:[33m659[0;39m][0;39m - The following 1 profile is active: "prod"
[2024-02-24 16:50:14:931 ] [32m[restartedMain][0;39m [34mINFO [0;39m [1;37m[org.springframework.boot.logging.DeferredLog.logTo:[33m252[0;39m][0;39m - Devtools property defaults active! Set 'spring.devtools.add-properties' to 'false' to disable
[2024-02-24 16:50:14:931 ] [32m[restartedMain][0;39m [34mINFO [0;39m [1;37m[org.springframework.boot.logging.DeferredLog.logTo:[33m252[0;39m][0;39m - For additional web related logging consider setting the 'logging.level.web' property to 'DEBUG'
[2024-02-24 16:50:15:2090] [32m[restartedMain][0;39m [34mINFO [0;39m [1;37m[org.springframework.data.repository.config.RepositoryConfigurationDelegate.registerRepositoriesIn:[33m139[0;39m][0;39m - Bootstrapping Spring Data JPA repositories in DEFAULT mode.
[2024-02-24 16:50:15:2184] [32m[restartedMain][0;39m [34mINFO [0;39m [1;37m[org.springframework.data.repository.config.RepositoryConfigurationDelegate.registerRepositoriesIn:[33m208[0;39m][0;39m - Finished Spring Data repository scanning in 85 ms. Found 6 JPA repository interfaces.
[2024-02-24 16:50:16:2644] [32m[restartedMain][0;39m [34mINFO [0;39m [1;37m[com.ulisesbocchio.jasyptspringboot.configuration.EnableEncryptablePropertiesBeanFactoryPostProcessor.postProcessBeanFactory:[33m44[0;39m][0;39m - Post-processing PropertySource instances
[2024-02-24 16:50:16:2645] [32m[restartedMain][0;39m [34mINFO [0;39m [1;37m[com.ulisesbocchio.jasyptspringboot.EncryptablePropertySourceConverter.makeEncryptable:[33m105[0;39m][0;39m - Skipping PropertySource configurationProperties [class org.springframework.boot.context.properties.source.ConfigurationPropertySourcesPropertySource
[2024-02-24 16:50:16:2645] [32m[restartedMain][0;39m [34mINFO [0;39m [1;37m[com.ulisesbocchio.jasyptspringboot.EncryptablePropertySourceConverter.makeEncryptable:[33m105[0;39m][0;39m - Skipping PropertySource servletConfigInitParams [class org.springframework.core.env.PropertySource$StubPropertySource
[2024-02-24 16:50:16:2645] [32m[restartedMain][0;39m [34mINFO [0;39m [1;37m[com.ulisesbocchio.jasyptspringboot.EncryptablePropertySourceConverter.makeEncryptable:[33m105[0;39m][0;39m - Skipping PropertySource servletContextInitParams [class org.springframework.core.env.PropertySource$StubPropertySource
[2024-02-24 16:50:16:2647] [32m[restartedMain][0;39m [34mINFO [0;39m [1;37m[com.ulisesbocchio.jasyptspringboot.EncryptablePropertySourceConverter.makeEncryptable:[33m110[0;39m][0;39m - Converting PropertySource systemProperties [org.springframework.core.env.PropertiesPropertySource] to EncryptableMapPropertySourceWrapper
[2024-02-24 16:50:16:2647] [32m[restartedMain][0;39m [34mINFO [0;39m [1;37m[com.ulisesbocchio.jasyptspringboot.EncryptablePropertySourceConverter.makeEncryptable:[33m110[0;39m][0;39m - Converting PropertySource systemEnvironment [org.springframework.boot.env.SystemEnvironmentPropertySourceEnvironmentPostProcessor$OriginAwareSystemEnvironmentPropertySource] to EncryptableSystemEnvironmentPropertySourceWrapper
[2024-02-24 16:50:16:2647] [32m[restartedMain][0;39m [34mINFO [0;39m [1;37m[com.ulisesbocchio.jasyptspringboot.EncryptablePropertySourceConverter.makeEncryptable:[33m110[0;39m][0;39m - Converting PropertySource random [org.springframework.boot.env.RandomValuePropertySource] to EncryptablePropertySourceWrapper
[2024-02-24 16:50:16:2648] [32m[restartedMain][0;39m [34mINFO [0;39m [1;37m[com.ulisesbocchio.jasyptspringboot.EncryptablePropertySourceConverter.makeEncryptable:[33m110[0;39m][0;39m - Converting PropertySource Config resource 'class path resource [application.properties]' via location 'optional:classpath:/' [org.springframework.boot.env.OriginTrackedMapPropertySource] to EncryptableMapPropertySourceWrapper
[2024-02-24 16:50:16:2648] [32m[restartedMain][0;39m [34mINFO [0;39m [1;37m[com.ulisesbocchio.jasyptspringboot.EncryptablePropertySourceConverter.makeEncryptable:[33m110[0;39m][0;39m - Converting PropertySource devtools [org.springframework.core.env.MapPropertySource] to EncryptableMapPropertySourceWrapper
[2024-02-24 16:50:16:2648] [32m[restartedMain][0;39m [34mINFO [0;39m [1;37m[com.ulisesbocchio.jasyptspringboot.EncryptablePropertySourceConverter.makeEncryptable:[33m110[0;39m][0;39m - Converting PropertySource class path resource [application.properties] [org.springframework.core.io.support.ResourcePropertySource] to EncryptableMapPropertySourceWrapper
[2024-02-24 16:50:16:2857] [32m[restartedMain][0;39m [34mINFO [0;39m [1;37m[com.ulisesbocchio.jasyptspringboot.filter.DefaultLazyPropertyFilter.lambda$new$2:[33m45[0;39m][0;39m - Property Filter custom Bean not found with name 'encryptablePropertyFilter'. Initializing Default Property Filter
[2024-02-24 16:50:16:2868] [32m[restartedMain][0;39m [34mINFO [0;39m [1;37m[com.ulisesbocchio.jasyptspringboot.resolver.DefaultLazyPropertyResolver.lambda$new$2:[33m46[0;39m][0;39m - Property Resolver custom Bean not found with name 'encryptablePropertyResolver'. Initializing Default Property Resolver
[2024-02-24 16:50:16:2871] [32m[restartedMain][0;39m [34mINFO [0;39m [1;37m[com.ulisesbocchio.jasyptspringboot.detector.DefaultLazyPropertyDetector.lambda$new$2:[33m44[0;39m][0;39m - Property Detector custom Bean not found with name 'encryptablePropertyDetector'. Initializing Default Property Detector
[2024-02-24 16:50:16:3141] [32m[restartedMain][0;39m [34mINFO [0;39m [1;37m[org.springframework.boot.web.embedded.tomcat.TomcatWebServer.initialize:[33m108[0;39m][0;39m - Tomcat initialized with port 8080 (http)
[2024-02-24 16:50:16:3153] [32m[restartedMain][0;39m [34mINFO [0;39m [1;37m[org.apache.juli.logging.DirectJDKLog.log:[33m173[0;39m][0;39m - Initializing ProtocolHandler ["http-nio-8080"]
[2024-02-24 16:50:16:3156] [32m[restartedMain][0;39m [34mINFO [0;39m [1;37m[org.apache.juli.logging.DirectJDKLog.log:[33m173[0;39m][0;39m - Starting service [Tomcat]
[2024-02-24 16:50:16:3156] [32m[restartedMain][0;39m [34mINFO [0;39m [1;37m[org.apache.juli.logging.DirectJDKLog.log:[33m173[0;39m][0;39m - Starting Servlet engine: [Apache Tomcat/10.1.16]
[2024-02-24 16:50:16:3219] [32m[restartedMain][0;39m [34mINFO [0;39m [1;37m[org.apache.juli.logging.DirectJDKLog.log:[33m173[0;39m][0;39m - Initializing Spring embedded WebApplicationContext
[2024-02-24 16:50:16:3220] [32m[restartedMain][0;39m [34mINFO [0;39m [1;37m[org.springframework.boot.web.servlet.context.ServletWebServerApplicationContext.prepareWebApplicationContext:[33m296[0;39m][0;39m - Root WebApplicationContext: initialization completed in 2288 ms
[2024-02-24 16:50:16:3301] [32m[restartedMain][0;39m [34mINFO [0;39m [1;37m[com.ulisesbocchio.jasyptspringboot.encryptor.DefaultLazyEncryptor.lambda$new$1:[33m41[0;39m][0;39m - Found Custom Encryptor Bean org.jasypt.encryption.pbe.PooledPBEStringEncryptor@124233ec with name: jasyptEncryptorAES
[2024-02-24 16:50:16:3408] [32m[restartedMain][0;39m [34mINFO [0;39m [1;37m[com.zaxxer.hikari.HikariDataSource.<init>:[33m80[0;39m][0;39m - HikariPool-1 - Starting...
[2024-02-24 16:50:17:3814] [32m[restartedMain][0;39m [34mINFO [0;39m [1;37m[com.zaxxer.hikari.pool.HikariPool.checkFailFast:[33m565[0;39m][0;39m - HikariPool-1 - Added connection com.mysql.cj.jdbc.ConnectionImpl@3f85a734
[2024-02-24 16:50:17:3818] [32m[restartedMain][0;39m [34mINFO [0;39m [1;37m[com.zaxxer.hikari.HikariDataSource.<init>:[33m82[0;39m][0;39m - HikariPool-1 - Start completed.
[2024-02-24 16:50:17:3927] [32m[restartedMain][0;39m [34mINFO [0;39m [1;37m[org.hibernate.jpa.internal.util.LogHelper.logPersistenceUnitInformation:[33m31[0;39m][0;39m - HHH000204: Processing PersistenceUnitInfo [name: default]
[2024-02-24 16:50:17:3992] [32m[restartedMain][0;39m [34mINFO [0;39m [1;37m[org.hibernate.Version.logVersion:[33m44[0;39m][0;39m - HHH000412: Hibernate ORM core version 6.3.1.Final
[2024-02-24 16:50:17:4028] [32m[restartedMain][0;39m [34mINFO [0;39m [1;37m[org.hibernate.cache.internal.RegionFactoryInitiator.initiateService:[33m50[0;39m][0;39m - HHH000026: Second-level cache disabled
[2024-02-24 16:50:17:4274] [32m[restartedMain][0;39m [34mINFO [0;39m [1;37m[org.springframework.orm.jpa.persistenceunit.SpringPersistenceUnitInfo.addTransformer:[33m87[0;39m][0;39m - No LoadTimeWeaver setup: ignoring JPA class transformer
[2024-02-24 16:50:18:5437] [32m[restartedMain][0;39m [34mINFO [0;39m [1;37m[org.hibernate.engine.transaction.jta.platform.internal.JtaPlatformInitiator.initiateService:[33m58[0;39m][0;39m - HHH000489: No JTA platform available (set 'hibernate.transaction.jta.platform' to enable JTA platform integration)
[2024-02-24 16:50:18:5439] [32m[restartedMain][0;39m [34mINFO [0;39m [1;37m[org.springframework.orm.jpa.AbstractEntityManagerFactoryBean.buildNativeEntityManagerFactory:[33m437[0;39m][0;39m - Initialized JPA EntityManagerFactory for persistence unit 'default'
[2024-02-24 16:50:19:5746] [32m[restartedMain][0;39m [34mINFO [0;39m [1;37m[org.springframework.data.jpa.repository.query.QueryEnhancerFactory.<clinit>:[33m49[0;39m][0;39m - Hibernate is in classpath; If applicable, HQL parser will be used.
[2024-02-24 16:50:20:7007] [32m[restartedMain][0;39m [34mINFO [0;39m [1;37m[org.springframework.security.web.DefaultSecurityFilterChain.<init>:[33m54[0;39m][0;39m - Will secure any request with [org.springframework.security.web.session.DisableEncodeUrlFilter@1babac96, org.springframework.security.web.context.request.async.WebAsyncManagerIntegrationFilter@475050b0, org.springframework.security.web.context.SecurityContextHolderFilter@1faccc1d, org.springframework.security.web.header.HeaderWriterFilter@26f321b9, org.springframework.web.filter.CorsFilter@6ffdb315, org.springframework.security.web.authentication.logout.LogoutFilter@4d1952e1, site.hoyeonjigi.clonetving.common.ExceptionHandlerFilter@2dc0bead, site.hoyeonjigi.clonetving.common.JwtAuthenticationFilter@6b49689f, org.springframework.security.web.savedrequest.RequestCacheAwareFilter@69687672, org.springframework.security.web.servletapi.SecurityContextHolderAwareRequestFilter@785929a9, org.springframework.security.web.authentication.AnonymousAuthenticationFilter@2ed96096, org.springframework.security.web.session.SessionManagementFilter@7514baa5, org.springframework.security.web.access.ExceptionTranslationFilter@1c5f970f, org.springframework.security.web.access.intercept.AuthorizationFilter@4023808b]
[2024-02-24 16:50:20:7375] [32m[restartedMain][0;39m [34mINFO [0;39m [1;37m[org.springframework.boot.devtools.autoconfigure.OptionalLiveReloadServer.startServer:[33m59[0;39m][0;39m - LiveReload server is running on port 35729
[2024-02-24 16:50:20:7392] [32m[restartedMain][0;39m [34mINFO [0;39m [1;37m[org.apache.juli.logging.DirectJDKLog.log:[33m173[0;39m][0;39m - Starting ProtocolHandler ["http-nio-8080"]
[2024-02-24 16:50:20:7415] [32m[restartedMain][0;39m [34mINFO [0;39m [1;37m[org.springframework.boot.web.embedded.tomcat.TomcatWebServer.start:[33m221[0;39m][0;39m - Tomcat started on port 8080 (http) with context path ''
[2024-02-24 16:50:20:7416] [32m[restartedMain][0;39m [34mINFO [0;39m [1;37m[com.ulisesbocchio.jasyptspringboot.caching.RefreshScopeRefreshedEventListener.onApplicationEvent:[33m70[0;39m][0;39m - Refreshing cached encryptable property sources on ServletWebServerInitializedEvent
[2024-02-24 16:50:20:7417] [32m[restartedMain][0;39m [34mINFO [0;39m [1;37m[com.ulisesbocchio.jasyptspringboot.caching.CachingDelegateEncryptablePropertySource.refresh:[33m92[0;39m][0;39m - Property Source systemProperties refreshed
[2024-02-24 16:50:20:7417] [32m[restartedMain][0;39m [34mINFO [0;39m [1;37m[com.ulisesbocchio.jasyptspringboot.caching.CachingDelegateEncryptablePropertySource.refresh:[33m92[0;39m][0;39m - Property Source systemEnvironment refreshed
[2024-02-24 16:50:20:7417] [32m[restartedMain][0;39m [34mINFO [0;39m [1;37m[com.ulisesbocchio.jasyptspringboot.caching.CachingDelegateEncryptablePropertySource.refresh:[33m92[0;39m][0;39m - Property Source random refreshed
[2024-02-24 16:50:20:7417] [32m[restartedMain][0;39m [34mINFO [0;39m [1;37m[com.ulisesbocchio.jasyptspringboot.caching.CachingDelegateEncryptablePropertySource.refresh:[33m92[0;39m][0;39m - Property Source Config resource 'class path resource [application.properties]' via location 'optional:classpath:/' refreshed
[2024-02-24 16:50:20:7417] [32m[restartedMain][0;39m [34mINFO [0;39m [1;37m[com.ulisesbocchio.jasyptspringboot.caching.CachingDelegateEncryptablePropertySource.refresh:[33m92[0;39m][0;39m - Property Source devtools refreshed
[2024-02-24 16:50:20:7418] [32m[restartedMain][0;39m [34mINFO [0;39m [1;37m[com.ulisesbocchio.jasyptspringboot.caching.CachingDelegateEncryptablePropertySource.refresh:[33m92[0;39m][0;39m - Property Source class path resource [application.properties] refreshed
[2024-02-24 16:50:20:7418] [32m[restartedMain][0;39m [34mINFO [0;39m [1;37m[com.ulisesbocchio.jasyptspringboot.EncryptablePropertySourceConverter.makeEncryptable:[33m105[0;39m][0;39m - Skipping PropertySource configurationProperties [class org.springframework.boot.context.properties.source.ConfigurationPropertySourcesPropertySource
[2024-02-24 16:50:20:7418] [32m[restartedMain][0;39m [34mINFO [0;39m [1;37m[com.ulisesbocchio.jasyptspringboot.EncryptablePropertySourceConverter.makeEncryptable:[33m105[0;39m][0;39m - Skipping PropertySource servletConfigInitParams [class org.springframework.core.env.PropertySource$StubPropertySource
[2024-02-24 16:50:20:7418] [32m[restartedMain][0;39m [34mINFO [0;39m [1;37m[com.ulisesbocchio.jasyptspringboot.EncryptablePropertySourceConverter.makeEncryptable:[33m110[0;39m][0;39m - Converting PropertySource servletContextInitParams [org.springframework.web.context.support.ServletContextPropertySource] to EncryptableEnumerablePropertySourceWrapper
[2024-02-24 16:50:20:7426] [32m[restartedMain][0;39m [34mINFO [0;39m [1;37m[org.springframework.boot.StartupInfoLogger.logStarted:[33m56[0;39m][0;39m - Started CloneTvingApplication in 7.192 seconds (process running for 7.632)
