[2024-04-12 19:46:07:1036] [32m[background-preinit][0;39m [34mINFO [0;39m [1;37m[org.hibernate.validator.internal.util.Version.<clinit>:[33m21[0;39m][0;39m - HV000001: Hibernate Validator 8.0.1.Final
[2024-04-12 19:46:07:1083] [32m[restartedMain][0;39m [34mINFO [0;39m [1;37m[org.springframework.boot.StartupInfoLogger.logStarting:[33m50[0;39m][0;39m - Starting CloneTvingApplication using Java 17.0.9 with PID 96796 (/Users/choiminsik/Desktop/CloneTving/clone-tving/build/classes/java/main started by choiminsik in /Users/choiminsik/Desktop/CloneTving)
[2024-04-12 19:46:07:1084] [32m[restartedMain][0;39m [34mINFO [0;39m [1;37m[org.springframework.boot.SpringApplication.logStartupProfileInfo:[33m659[0;39m][0;39m - The following 1 profile is active: "prod"
[2024-04-12 19:46:07:1136] [32m[restartedMain][0;39m [34mINFO [0;39m [1;37m[org.springframework.boot.logging.DeferredLog.logTo:[33m252[0;39m][0;39m - Devtools property defaults active! Set 'spring.devtools.add-properties' to 'false' to disable
[2024-04-12 19:46:07:1136] [32m[restartedMain][0;39m [34mINFO [0;39m [1;37m[org.springframework.boot.logging.DeferredLog.logTo:[33m252[0;39m][0;39m - For additional web related logging consider setting the 'logging.level.web' property to 'DEBUG'
[2024-04-12 19:46:08:1990] [32m[restartedMain][0;39m [34mINFO [0;39m [1;37m[org.springframework.data.repository.config.RepositoryConfigurationDelegate.registerRepositoriesIn:[33m139[0;39m][0;39m - Bootstrapping Spring Data JPA repositories in DEFAULT mode.
[2024-04-12 19:46:08:2062] [32m[restartedMain][0;39m [34mINFO [0;39m [1;37m[org.springframework.data.repository.config.RepositoryConfigurationDelegate.registerRepositoriesIn:[33m208[0;39m][0;39m - Finished Spring Data repository scanning in 64 ms. Found 7 JPA repository interfaces.
[2024-04-12 19:46:08:2341] [32m[restartedMain][0;39m [34mINFO [0;39m [1;37m[com.ulisesbocchio.jasyptspringboot.configuration.EnableEncryptablePropertiesBeanFactoryPostProcessor.postProcessBeanFactory:[33m44[0;39m][0;39m - Post-processing PropertySource instances
[2024-04-12 19:46:08:2342] [32m[restartedMain][0;39m [34mINFO [0;39m [1;37m[com.ulisesbocchio.jasyptspringboot.EncryptablePropertySourceConverter.makeEncryptable:[33m105[0;39m][0;39m - Skipping PropertySource configurationProperties [class org.springframework.boot.context.properties.source.ConfigurationPropertySourcesPropertySource
[2024-04-12 19:46:08:2342] [32m[restartedMain][0;39m [34mINFO [0;39m [1;37m[com.ulisesbocchio.jasyptspringboot.EncryptablePropertySourceConverter.makeEncryptable:[33m105[0;39m][0;39m - Skipping PropertySource servletConfigInitParams [class org.springframework.core.env.PropertySource$StubPropertySource
[2024-04-12 19:46:08:2342] [32m[restartedMain][0;39m [34mINFO [0;39m [1;37m[com.ulisesbocchio.jasyptspringboot.EncryptablePropertySourceConverter.makeEncryptable:[33m105[0;39m][0;39m - Skipping PropertySource servletContextInitParams [class org.springframework.core.env.PropertySource$StubPropertySource
[2024-04-12 19:46:08:2343] [32m[restartedMain][0;39m [34mINFO [0;39m [1;37m[com.ulisesbocchio.jasyptspringboot.EncryptablePropertySourceConverter.makeEncryptable:[33m110[0;39m][0;39m - Converting PropertySource systemProperties [org.springframework.core.env.PropertiesPropertySource] to EncryptableMapPropertySourceWrapper
[2024-04-12 19:46:08:2343] [32m[restartedMain][0;39m [34mINFO [0;39m [1;37m[com.ulisesbocchio.jasyptspringboot.EncryptablePropertySourceConverter.makeEncryptable:[33m110[0;39m][0;39m - Converting PropertySource systemEnvironment [org.springframework.boot.env.SystemEnvironmentPropertySourceEnvironmentPostProcessor$OriginAwareSystemEnvironmentPropertySource] to EncryptableSystemEnvironmentPropertySourceWrapper
[2024-04-12 19:46:08:2343] [32m[restartedMain][0;39m [34mINFO [0;39m [1;37m[com.ulisesbocchio.jasyptspringboot.EncryptablePropertySourceConverter.makeEncryptable:[33m110[0;39m][0;39m - Converting PropertySource random [org.springframework.boot.env.RandomValuePropertySource] to EncryptablePropertySourceWrapper
[2024-04-12 19:46:08:2344] [32m[restartedMain][0;39m [34mINFO [0;39m [1;37m[com.ulisesbocchio.jasyptspringboot.EncryptablePropertySourceConverter.makeEncryptable:[33m110[0;39m][0;39m - Converting PropertySource Config resource 'class path resource [application.properties]' via location 'optional:classpath:/' [org.springframework.boot.env.OriginTrackedMapPropertySource] to EncryptableMapPropertySourceWrapper
[2024-04-12 19:46:08:2344] [32m[restartedMain][0;39m [34mINFO [0;39m [1;37m[com.ulisesbocchio.jasyptspringboot.EncryptablePropertySourceConverter.makeEncryptable:[33m110[0;39m][0;39m - Converting PropertySource devtools [org.springframework.core.env.MapPropertySource] to EncryptableMapPropertySourceWrapper
[2024-04-12 19:46:08:2344] [32m[restartedMain][0;39m [34mINFO [0;39m [1;37m[com.ulisesbocchio.jasyptspringboot.EncryptablePropertySourceConverter.makeEncryptable:[33m110[0;39m][0;39m - Converting PropertySource class path resource [application.properties] [org.springframework.core.io.support.ResourcePropertySource] to EncryptableMapPropertySourceWrapper
[2024-04-12 19:46:08:2517] [32m[restartedMain][0;39m [34mINFO [0;39m [1;37m[com.ulisesbocchio.jasyptspringboot.filter.DefaultLazyPropertyFilter.lambda$new$2:[33m45[0;39m][0;39m - Property Filter custom Bean not found with name 'encryptablePropertyFilter'. Initializing Default Property Filter
[2024-04-12 19:46:08:2523] [32m[restartedMain][0;39m [34mINFO [0;39m [1;37m[com.ulisesbocchio.jasyptspringboot.resolver.DefaultLazyPropertyResolver.lambda$new$2:[33m46[0;39m][0;39m - Property Resolver custom Bean not found with name 'encryptablePropertyResolver'. Initializing Default Property Resolver
[2024-04-12 19:46:08:2525] [32m[restartedMain][0;39m [34mINFO [0;39m [1;37m[com.ulisesbocchio.jasyptspringboot.detector.DefaultLazyPropertyDetector.lambda$new$2:[33m44[0;39m][0;39m - Property Detector custom Bean not found with name 'encryptablePropertyDetector'. Initializing Default Property Detector
[2024-04-12 19:46:09:2693] [32m[restartedMain][0;39m [34mINFO [0;39m [1;37m[org.springframework.boot.web.embedded.tomcat.TomcatWebServer.initialize:[33m108[0;39m][0;39m - Tomcat initialized with port 8080 (http)
[2024-04-12 19:46:09:2698] [32m[restartedMain][0;39m [34mINFO [0;39m [1;37m[org.apache.juli.logging.DirectJDKLog.log:[33m173[0;39m][0;39m - Initializing ProtocolHandler ["http-nio-8080"]
[2024-04-12 19:46:09:2700] [32m[restartedMain][0;39m [34mINFO [0;39m [1;37m[org.apache.juli.logging.DirectJDKLog.log:[33m173[0;39m][0;39m - Starting service [Tomcat]
[2024-04-12 19:46:09:2700] [32m[restartedMain][0;39m [34mINFO [0;39m [1;37m[org.apache.juli.logging.DirectJDKLog.log:[33m173[0;39m][0;39m - Starting Servlet engine: [Apache Tomcat/10.1.16]
[2024-04-12 19:46:09:2731] [32m[restartedMain][0;39m [34mINFO [0;39m [1;37m[org.apache.juli.logging.DirectJDKLog.log:[33m173[0;39m][0;39m - Initializing Spring embedded WebApplicationContext
[2024-04-12 19:46:09:2731] [32m[restartedMain][0;39m [34mINFO [0;39m [1;37m[org.springframework.boot.web.servlet.context.ServletWebServerApplicationContext.prepareWebApplicationContext:[33m296[0;39m][0;39m - Root WebApplicationContext: initialization completed in 1594 ms
[2024-04-12 19:46:09:2778] [32m[restartedMain][0;39m [34mINFO [0;39m [1;37m[com.ulisesbocchio.jasyptspringboot.encryptor.DefaultLazyEncryptor.lambda$new$1:[33m41[0;39m][0;39m - Found Custom Encryptor Bean org.jasypt.encryption.pbe.PooledPBEStringEncryptor@117b954a with name: jasyptEncryptorAES
[2024-04-12 19:46:09:2865] [32m[restartedMain][0;39m [34mINFO [0;39m [1;37m[com.zaxxer.hikari.HikariDataSource.<init>:[33m80[0;39m][0;39m - HikariPool-1 - Starting...
[2024-04-12 19:46:09:3116] [32m[restartedMain][0;39m [34mINFO [0;39m [1;37m[com.zaxxer.hikari.pool.HikariPool.checkFailFast:[33m565[0;39m][0;39m - HikariPool-1 - Added connection com.mysql.cj.jdbc.ConnectionImpl@1ecb69e4
[2024-04-12 19:46:09:3117] [32m[restartedMain][0;39m [34mINFO [0;39m [1;37m[com.zaxxer.hikari.HikariDataSource.<init>:[33m82[0;39m][0;39m - HikariPool-1 - Start completed.
[2024-04-12 19:46:09:3178] [32m[restartedMain][0;39m [34mINFO [0;39m [1;37m[org.hibernate.jpa.internal.util.LogHelper.logPersistenceUnitInformation:[33m31[0;39m][0;39m - HHH000204: Processing PersistenceUnitInfo [name: default]
[2024-04-12 19:46:09:3211] [32m[restartedMain][0;39m [34mINFO [0;39m [1;37m[org.hibernate.Version.logVersion:[33m44[0;39m][0;39m - HHH000412: Hibernate ORM core version 6.3.1.Final
[2024-04-12 19:46:09:3230] [32m[restartedMain][0;39m [34mINFO [0;39m [1;37m[org.hibernate.cache.internal.RegionFactoryInitiator.initiateService:[33m50[0;39m][0;39m - HHH000026: Second-level cache disabled
[2024-04-12 19:46:09:3348] [32m[restartedMain][0;39m [34mINFO [0;39m [1;37m[org.springframework.orm.jpa.persistenceunit.SpringPersistenceUnitInfo.addTransformer:[33m87[0;39m][0;39m - No LoadTimeWeaver setup: ignoring JPA class transformer
[2024-04-12 19:46:10:3986] [32m[restartedMain][0;39m [34mINFO [0;39m [1;37m[org.hibernate.engine.transaction.jta.platform.internal.JtaPlatformInitiator.initiateService:[33m58[0;39m][0;39m - HHH000489: No JTA platform available (set 'hibernate.transaction.jta.platform' to enable JTA platform integration)
[2024-04-12 19:46:10:3987] [32m[restartedMain][0;39m [34mINFO [0;39m [1;37m[org.springframework.orm.jpa.AbstractEntityManagerFactoryBean.buildNativeEntityManagerFactory:[33m437[0;39m][0;39m - Initialized JPA EntityManagerFactory for persistence unit 'default'
[2024-04-12 19:46:10:4174] [32m[restartedMain][0;39m [34mINFO [0;39m [1;37m[org.springframework.data.jpa.repository.query.QueryEnhancerFactory.<clinit>:[33m49[0;39m][0;39m - Hibernate is in classpath; If applicable, HQL parser will be used.
[2024-04-12 19:46:11:4945] [32m[restartedMain][0;39m [34mINFO [0;39m [1;37m[org.springframework.security.web.DefaultSecurityFilterChain.<init>:[33m54[0;39m][0;39m - Will secure any request with [org.springframework.security.web.session.DisableEncodeUrlFilter@6d5656e7, org.springframework.security.web.context.request.async.WebAsyncManagerIntegrationFilter@6c8d0709, org.springframework.security.web.context.SecurityContextHolderFilter@1f7e4676, org.springframework.security.web.header.HeaderWriterFilter@401679d3, org.springframework.web.filter.CorsFilter@7e851fc7, org.springframework.security.web.authentication.logout.LogoutFilter@2e086d6, site.hoyeonjigi.clonetving.common.ExceptionHandlerFilter@5e5ac8d8, site.hoyeonjigi.clonetving.common.JwtAuthenticationFilter@1644c9a, org.springframework.security.web.savedrequest.RequestCacheAwareFilter@3f0333ac, org.springframework.security.web.servletapi.SecurityContextHolderAwareRequestFilter@768d3a04, org.springframework.security.web.authentication.AnonymousAuthenticationFilter@5d5a6f0, org.springframework.security.web.session.SessionManagementFilter@287d78ba, org.springframework.security.web.access.ExceptionTranslationFilter@8089807, org.springframework.security.web.access.intercept.AuthorizationFilter@656c96c2]
[2024-04-12 19:46:11:5098] [32m[restartedMain][0;39m [34mINFO [0;39m [1;37m[org.springframework.boot.devtools.autoconfigure.OptionalLiveReloadServer.startServer:[33m59[0;39m][0;39m - LiveReload server is running on port 35729
[2024-04-12 19:46:11:5106] [32m[restartedMain][0;39m [34mINFO [0;39m [1;37m[org.apache.juli.logging.DirectJDKLog.log:[33m173[0;39m][0;39m - Starting ProtocolHandler ["http-nio-8080"]
[2024-04-12 19:46:11:5119] [32m[restartedMain][0;39m [34mINFO [0;39m [1;37m[org.springframework.boot.web.embedded.tomcat.TomcatWebServer.start:[33m221[0;39m][0;39m - Tomcat started on port 8080 (http) with context path ''
[2024-04-12 19:46:11:5120] [32m[restartedMain][0;39m [34mINFO [0;39m [1;37m[com.ulisesbocchio.jasyptspringboot.caching.RefreshScopeRefreshedEventListener.onApplicationEvent:[33m70[0;39m][0;39m - Refreshing cached encryptable property sources on ServletWebServerInitializedEvent
[2024-04-12 19:46:11:5120] [32m[restartedMain][0;39m [34mINFO [0;39m [1;37m[com.ulisesbocchio.jasyptspringboot.caching.CachingDelegateEncryptablePropertySource.refresh:[33m92[0;39m][0;39m - Property Source systemProperties refreshed
[2024-04-12 19:46:11:5120] [32m[restartedMain][0;39m [34mINFO [0;39m [1;37m[com.ulisesbocchio.jasyptspringboot.caching.CachingDelegateEncryptablePropertySource.refresh:[33m92[0;39m][0;39m - Property Source systemEnvironment refreshed
[2024-04-12 19:46:11:5120] [32m[restartedMain][0;39m [34mINFO [0;39m [1;37m[com.ulisesbocchio.jasyptspringboot.caching.CachingDelegateEncryptablePropertySource.refresh:[33m92[0;39m][0;39m - Property Source random refreshed
[2024-04-12 19:46:11:5120] [32m[restartedMain][0;39m [34mINFO [0;39m [1;37m[com.ulisesbocchio.jasyptspringboot.caching.CachingDelegateEncryptablePropertySource.refresh:[33m92[0;39m][0;39m - Property Source Config resource 'class path resource [application.properties]' via location 'optional:classpath:/' refreshed
[2024-04-12 19:46:11:5120] [32m[restartedMain][0;39m [34mINFO [0;39m [1;37m[com.ulisesbocchio.jasyptspringboot.caching.CachingDelegateEncryptablePropertySource.refresh:[33m92[0;39m][0;39m - Property Source devtools refreshed
[2024-04-12 19:46:11:5120] [32m[restartedMain][0;39m [34mINFO [0;39m [1;37m[com.ulisesbocchio.jasyptspringboot.caching.CachingDelegateEncryptablePropertySource.refresh:[33m92[0;39m][0;39m - Property Source class path resource [application.properties] refreshed
[2024-04-12 19:46:11:5120] [32m[restartedMain][0;39m [34mINFO [0;39m [1;37m[com.ulisesbocchio.jasyptspringboot.EncryptablePropertySourceConverter.makeEncryptable:[33m105[0;39m][0;39m - Skipping PropertySource configurationProperties [class org.springframework.boot.context.properties.source.ConfigurationPropertySourcesPropertySource
[2024-04-12 19:46:11:5120] [32m[restartedMain][0;39m [34mINFO [0;39m [1;37m[com.ulisesbocchio.jasyptspringboot.EncryptablePropertySourceConverter.makeEncryptable:[33m105[0;39m][0;39m - Skipping PropertySource servletConfigInitParams [class org.springframework.core.env.PropertySource$StubPropertySource
[2024-04-12 19:46:11:5121] [32m[restartedMain][0;39m [34mINFO [0;39m [1;37m[com.ulisesbocchio.jasyptspringboot.EncryptablePropertySourceConverter.makeEncryptable:[33m110[0;39m][0;39m - Converting PropertySource servletContextInitParams [org.springframework.web.context.support.ServletContextPropertySource] to EncryptableEnumerablePropertySourceWrapper
[2024-04-12 19:46:11:5126] [32m[restartedMain][0;39m [34mINFO [0;39m [1;37m[org.springframework.boot.StartupInfoLogger.logStarted:[33m56[0;39m][0;39m - Started CloneTvingApplication in 4.71 seconds (process running for 5.485)
[2024-04-12 19:46:43:36646] [32m[SpringApplicationShutdownHook][0;39m [34mINFO [0;39m [1;37m[org.springframework.orm.jpa.AbstractEntityManagerFactoryBean.destroy:[33m650[0;39m][0;39m - Closing JPA EntityManagerFactory for persistence unit 'default'
[2024-04-12 19:46:43:36650] [32m[SpringApplicationShutdownHook][0;39m [34mINFO [0;39m [1;37m[com.zaxxer.hikari.HikariDataSource.close:[33m350[0;39m][0;39m - HikariPool-1 - Shutdown initiated...
[2024-04-12 19:46:43:36751] [32m[SpringApplicationShutdownHook][0;39m [34mINFO [0;39m [1;37m[com.zaxxer.hikari.HikariDataSource.close:[33m352[0;39m][0;39m - HikariPool-1 - Shutdown completed.
