[2024-01-25 22:40:07:1223] [32m[background-preinit][0;39m [34mINFO [0;39m [1;37m[org.hibernate.validator.internal.util.Version.<clinit>:[33m21[0;39m][0;39m - HV000001: Hibernate Validator 8.0.1.Final
[2024-01-25 22:40:07:1283] [32m[restartedMain][0;39m [34mINFO [0;39m [1;37m[org.springframework.boot.StartupInfoLogger.logStarting:[33m50[0;39m][0;39m - Starting CloneTvingApplication using Java 17.0.8 with PID 23080 (C:\Users\zmfms\Desktop\Hoyeonjigi\CloneTving\clone-tving\build\classes\java\main started by zmfms in C:\Users\zmfms\Desktop\Hoyeonjigi\CloneTving)
[2024-01-25 22:40:07:1286] [32m[restartedMain][0;39m [34mINFO [0;39m [1;37m[org.springframework.boot.SpringApplication.logStartupProfileInfo:[33m659[0;39m][0;39m - The following 1 profile is active: "prod"
[2024-01-25 22:40:08:1358] [32m[restartedMain][0;39m [34mINFO [0;39m [1;37m[org.springframework.boot.logging.DeferredLog.logTo:[33m252[0;39m][0;39m - Devtools property defaults active! Set 'spring.devtools.add-properties' to 'false' to disable
[2024-01-25 22:40:08:1359] [32m[restartedMain][0;39m [34mINFO [0;39m [1;37m[org.springframework.boot.logging.DeferredLog.logTo:[33m252[0;39m][0;39m - For additional web related logging consider setting the 'logging.level.web' property to 'DEBUG'
[2024-01-25 22:40:09:2525] [32m[restartedMain][0;39m [34mINFO [0;39m [1;37m[org.springframework.data.repository.config.RepositoryConfigurationDelegate.registerRepositoriesIn:[33m139[0;39m][0;39m - Bootstrapping Spring Data JPA repositories in DEFAULT mode.
[2024-01-25 22:40:09:2667] [32m[restartedMain][0;39m [34mINFO [0;39m [1;37m[org.springframework.data.repository.config.RepositoryConfigurationDelegate.registerRepositoriesIn:[33m208[0;39m][0;39m - Finished Spring Data repository scanning in 132 ms. Found 6 JPA repository interfaces.
[2024-01-25 22:40:09:3099] [32m[restartedMain][0;39m [34mINFO [0;39m [1;37m[com.ulisesbocchio.jasyptspringboot.configuration.EnableEncryptablePropertiesBeanFactoryPostProcessor.postProcessBeanFactory:[33m44[0;39m][0;39m - Post-processing PropertySource instances
[2024-01-25 22:40:09:3100] [32m[restartedMain][0;39m [34mINFO [0;39m [1;37m[com.ulisesbocchio.jasyptspringboot.EncryptablePropertySourceConverter.makeEncryptable:[33m105[0;39m][0;39m - Skipping PropertySource configurationProperties [class org.springframework.boot.context.properties.source.ConfigurationPropertySourcesPropertySource
[2024-01-25 22:40:09:3101] [32m[restartedMain][0;39m [34mINFO [0;39m [1;37m[com.ulisesbocchio.jasyptspringboot.EncryptablePropertySourceConverter.makeEncryptable:[33m105[0;39m][0;39m - Skipping PropertySource servletConfigInitParams [class org.springframework.core.env.PropertySource$StubPropertySource
[2024-01-25 22:40:09:3101] [32m[restartedMain][0;39m [34mINFO [0;39m [1;37m[com.ulisesbocchio.jasyptspringboot.EncryptablePropertySourceConverter.makeEncryptable:[33m105[0;39m][0;39m - Skipping PropertySource servletContextInitParams [class org.springframework.core.env.PropertySource$StubPropertySource
[2024-01-25 22:40:09:3103] [32m[restartedMain][0;39m [34mINFO [0;39m [1;37m[com.ulisesbocchio.jasyptspringboot.EncryptablePropertySourceConverter.makeEncryptable:[33m110[0;39m][0;39m - Converting PropertySource systemProperties [org.springframework.core.env.PropertiesPropertySource] to EncryptableMapPropertySourceWrapper
[2024-01-25 22:40:09:3104] [32m[restartedMain][0;39m [34mINFO [0;39m [1;37m[com.ulisesbocchio.jasyptspringboot.EncryptablePropertySourceConverter.makeEncryptable:[33m110[0;39m][0;39m - Converting PropertySource systemEnvironment [org.springframework.boot.env.SystemEnvironmentPropertySourceEnvironmentPostProcessor$OriginAwareSystemEnvironmentPropertySource] to EncryptableSystemEnvironmentPropertySourceWrapper
[2024-01-25 22:40:09:3104] [32m[restartedMain][0;39m [34mINFO [0;39m [1;37m[com.ulisesbocchio.jasyptspringboot.EncryptablePropertySourceConverter.makeEncryptable:[33m110[0;39m][0;39m - Converting PropertySource random [org.springframework.boot.env.RandomValuePropertySource] to EncryptablePropertySourceWrapper
[2024-01-25 22:40:09:3104] [32m[restartedMain][0;39m [34mINFO [0;39m [1;37m[com.ulisesbocchio.jasyptspringboot.EncryptablePropertySourceConverter.makeEncryptable:[33m110[0;39m][0;39m - Converting PropertySource Config resource 'class path resource [application.properties]' via location 'optional:classpath:/' [org.springframework.boot.env.OriginTrackedMapPropertySource] to EncryptableMapPropertySourceWrapper
[2024-01-25 22:40:09:3104] [32m[restartedMain][0;39m [34mINFO [0;39m [1;37m[com.ulisesbocchio.jasyptspringboot.EncryptablePropertySourceConverter.makeEncryptable:[33m110[0;39m][0;39m - Converting PropertySource devtools [org.springframework.core.env.MapPropertySource] to EncryptableMapPropertySourceWrapper
[2024-01-25 22:40:09:3104] [32m[restartedMain][0;39m [34mINFO [0;39m [1;37m[com.ulisesbocchio.jasyptspringboot.EncryptablePropertySourceConverter.makeEncryptable:[33m110[0;39m][0;39m - Converting PropertySource class path resource [application.properties] [org.springframework.core.io.support.ResourcePropertySource] to EncryptableMapPropertySourceWrapper
[2024-01-25 22:40:10:3416] [32m[restartedMain][0;39m [34mINFO [0;39m [1;37m[com.ulisesbocchio.jasyptspringboot.filter.DefaultLazyPropertyFilter.lambda$new$2:[33m45[0;39m][0;39m - Property Filter custom Bean not found with name 'encryptablePropertyFilter'. Initializing Default Property Filter
[2024-01-25 22:40:10:3437] [32m[restartedMain][0;39m [34mINFO [0;39m [1;37m[com.ulisesbocchio.jasyptspringboot.resolver.DefaultLazyPropertyResolver.lambda$new$2:[33m46[0;39m][0;39m - Property Resolver custom Bean not found with name 'encryptablePropertyResolver'. Initializing Default Property Resolver
[2024-01-25 22:40:10:3441] [32m[restartedMain][0;39m [34mINFO [0;39m [1;37m[com.ulisesbocchio.jasyptspringboot.detector.DefaultLazyPropertyDetector.lambda$new$2:[33m44[0;39m][0;39m - Property Detector custom Bean not found with name 'encryptablePropertyDetector'. Initializing Default Property Detector
[2024-01-25 22:40:10:3789] [32m[restartedMain][0;39m [34mINFO [0;39m [1;37m[org.springframework.boot.web.embedded.tomcat.TomcatWebServer.initialize:[33m108[0;39m][0;39m - Tomcat initialized with port 8090 (http)
[2024-01-25 22:40:10:3806] [32m[restartedMain][0;39m [34mINFO [0;39m [1;37m[org.apache.juli.logging.DirectJDKLog.log:[33m173[0;39m][0;39m - Initializing ProtocolHandler ["http-nio-8090"]
[2024-01-25 22:40:10:3809] [32m[restartedMain][0;39m [34mINFO [0;39m [1;37m[org.apache.juli.logging.DirectJDKLog.log:[33m173[0;39m][0;39m - Starting service [Tomcat]
[2024-01-25 22:40:10:3810] [32m[restartedMain][0;39m [34mINFO [0;39m [1;37m[org.apache.juli.logging.DirectJDKLog.log:[33m173[0;39m][0;39m - Starting Servlet engine: [Apache Tomcat/10.1.16]
[2024-01-25 22:40:10:3924] [32m[restartedMain][0;39m [34mINFO [0;39m [1;37m[org.apache.juli.logging.DirectJDKLog.log:[33m173[0;39m][0;39m - Initializing Spring embedded WebApplicationContext
[2024-01-25 22:40:10:3925] [32m[restartedMain][0;39m [34mINFO [0;39m [1;37m[org.springframework.boot.web.servlet.context.ServletWebServerApplicationContext.prepareWebApplicationContext:[33m296[0;39m][0;39m - Root WebApplicationContext: initialization completed in 2566 ms
[2024-01-25 22:40:10:4060] [32m[restartedMain][0;39m [34mINFO [0;39m [1;37m[com.ulisesbocchio.jasyptspringboot.encryptor.DefaultLazyEncryptor.lambda$new$1:[33m41[0;39m][0;39m - Found Custom Encryptor Bean org.jasypt.encryption.pbe.PooledPBEStringEncryptor@367f3ddf with name: jasyptEncryptorAES
[2024-01-25 22:40:10:4186] [32m[restartedMain][0;39m [34mINFO [0;39m [1;37m[com.zaxxer.hikari.HikariDataSource.<init>:[33m80[0;39m][0;39m - HikariPool-1 - Starting...
[2024-01-25 22:40:11:4647] [32m[restartedMain][0;39m [34mINFO [0;39m [1;37m[com.zaxxer.hikari.pool.HikariPool.checkFailFast:[33m565[0;39m][0;39m - HikariPool-1 - Added connection com.mysql.cj.jdbc.ConnectionImpl@745e552b
[2024-01-25 22:40:11:4650] [32m[restartedMain][0;39m [34mINFO [0;39m [1;37m[com.zaxxer.hikari.HikariDataSource.<init>:[33m82[0;39m][0;39m - HikariPool-1 - Start completed.
[2024-01-25 22:40:11:4749] [32m[restartedMain][0;39m [34mINFO [0;39m [1;37m[org.hibernate.jpa.internal.util.LogHelper.logPersistenceUnitInformation:[33m31[0;39m][0;39m - HHH000204: Processing PersistenceUnitInfo [name: default]
[2024-01-25 22:40:11:4817] [32m[restartedMain][0;39m [34mINFO [0;39m [1;37m[org.hibernate.Version.logVersion:[33m44[0;39m][0;39m - HHH000412: Hibernate ORM core version 6.3.1.Final
[2024-01-25 22:40:11:4862] [32m[restartedMain][0;39m [34mINFO [0;39m [1;37m[org.hibernate.cache.internal.RegionFactoryInitiator.initiateService:[33m50[0;39m][0;39m - HHH000026: Second-level cache disabled
[2024-01-25 22:40:11:5179] [32m[restartedMain][0;39m [34mINFO [0;39m [1;37m[org.springframework.orm.jpa.persistenceunit.SpringPersistenceUnitInfo.addTransformer:[33m87[0;39m][0;39m - No LoadTimeWeaver setup: ignoring JPA class transformer
[2024-01-25 22:40:13:6681] [32m[restartedMain][0;39m [34mINFO [0;39m [1;37m[org.hibernate.engine.transaction.jta.platform.internal.JtaPlatformInitiator.initiateService:[33m58[0;39m][0;39m - HHH000489: No JTA platform available (set 'hibernate.transaction.jta.platform' to enable JTA platform integration)
[2024-01-25 22:40:13:6687] [32m[restartedMain][0;39m [34mINFO [0;39m [1;37m[org.springframework.orm.jpa.AbstractEntityManagerFactoryBean.buildNativeEntityManagerFactory:[33m437[0;39m][0;39m - Initialized JPA EntityManagerFactory for persistence unit 'default'
[2024-01-25 22:40:13:6994] [32m[restartedMain][0;39m [34mINFO [0;39m [1;37m[org.springframework.data.jpa.repository.query.QueryEnhancerFactory.<clinit>:[33m49[0;39m][0;39m - Hibernate is in classpath; If applicable, HQL parser will be used.
[2024-01-25 22:40:14:8091] [32m[restartedMain][0;39m [34mINFO [0;39m [1;37m[org.springframework.security.web.DefaultSecurityFilterChain.<init>:[33m54[0;39m][0;39m - Will secure any request with [org.springframework.security.web.session.DisableEncodeUrlFilter@65a0a72, org.springframework.security.web.context.request.async.WebAsyncManagerIntegrationFilter@5d5544ef, org.springframework.security.web.context.SecurityContextHolderFilter@e117843, org.springframework.security.web.header.HeaderWriterFilter@17563e48, org.springframework.web.filter.CorsFilter@7f04cfed, org.springframework.security.web.authentication.logout.LogoutFilter@cf14a16, site.hoyeonjigi.clonetving.common.ExceptionHandlerFilter@44e0fd3d, site.hoyeonjigi.clonetving.common.JwtAuthenticationFilter@12bf7649, org.springframework.security.web.savedrequest.RequestCacheAwareFilter@1f990ff3, org.springframework.security.web.servletapi.SecurityContextHolderAwareRequestFilter@646de14e, org.springframework.security.web.authentication.AnonymousAuthenticationFilter@653a2acd, org.springframework.security.web.session.SessionManagementFilter@17e9b0ba, org.springframework.security.web.access.ExceptionTranslationFilter@56492bd4, org.springframework.security.web.access.intercept.AuthorizationFilter@48826adc]
[2024-01-25 22:40:15:8407] [32m[restartedMain][0;39m [34mINFO [0;39m [1;37m[org.springframework.boot.devtools.autoconfigure.OptionalLiveReloadServer.startServer:[33m59[0;39m][0;39m - LiveReload server is running on port 35729
[2024-01-25 22:40:15:8421] [32m[restartedMain][0;39m [34mINFO [0;39m [1;37m[org.apache.juli.logging.DirectJDKLog.log:[33m173[0;39m][0;39m - Starting ProtocolHandler ["http-nio-8090"]
[2024-01-25 22:40:15:8448] [32m[restartedMain][0;39m [34mINFO [0;39m [1;37m[org.springframework.boot.web.embedded.tomcat.TomcatWebServer.start:[33m221[0;39m][0;39m - Tomcat started on port 8090 (http) with context path ''
[2024-01-25 22:40:15:8450] [32m[restartedMain][0;39m [34mINFO [0;39m [1;37m[com.ulisesbocchio.jasyptspringboot.caching.RefreshScopeRefreshedEventListener.onApplicationEvent:[33m70[0;39m][0;39m - Refreshing cached encryptable property sources on ServletWebServerInitializedEvent
[2024-01-25 22:40:15:8450] [32m[restartedMain][0;39m [34mINFO [0;39m [1;37m[com.ulisesbocchio.jasyptspringboot.caching.CachingDelegateEncryptablePropertySource.refresh:[33m92[0;39m][0;39m - Property Source systemProperties refreshed
[2024-01-25 22:40:15:8450] [32m[restartedMain][0;39m [34mINFO [0;39m [1;37m[com.ulisesbocchio.jasyptspringboot.caching.CachingDelegateEncryptablePropertySource.refresh:[33m92[0;39m][0;39m - Property Source systemEnvironment refreshed
[2024-01-25 22:40:15:8450] [32m[restartedMain][0;39m [34mINFO [0;39m [1;37m[com.ulisesbocchio.jasyptspringboot.caching.CachingDelegateEncryptablePropertySource.refresh:[33m92[0;39m][0;39m - Property Source random refreshed
[2024-01-25 22:40:15:8450] [32m[restartedMain][0;39m [34mINFO [0;39m [1;37m[com.ulisesbocchio.jasyptspringboot.caching.CachingDelegateEncryptablePropertySource.refresh:[33m92[0;39m][0;39m - Property Source Config resource 'class path resource [application.properties]' via location 'optional:classpath:/' refreshed
[2024-01-25 22:40:15:8450] [32m[restartedMain][0;39m [34mINFO [0;39m [1;37m[com.ulisesbocchio.jasyptspringboot.caching.CachingDelegateEncryptablePropertySource.refresh:[33m92[0;39m][0;39m - Property Source devtools refreshed
[2024-01-25 22:40:15:8450] [32m[restartedMain][0;39m [34mINFO [0;39m [1;37m[com.ulisesbocchio.jasyptspringboot.caching.CachingDelegateEncryptablePropertySource.refresh:[33m92[0;39m][0;39m - Property Source class path resource [application.properties] refreshed
[2024-01-25 22:40:15:8451] [32m[restartedMain][0;39m [34mINFO [0;39m [1;37m[com.ulisesbocchio.jasyptspringboot.EncryptablePropertySourceConverter.makeEncryptable:[33m105[0;39m][0;39m - Skipping PropertySource configurationProperties [class org.springframework.boot.context.properties.source.ConfigurationPropertySourcesPropertySource
[2024-01-25 22:40:15:8451] [32m[restartedMain][0;39m [34mINFO [0;39m [1;37m[com.ulisesbocchio.jasyptspringboot.EncryptablePropertySourceConverter.makeEncryptable:[33m105[0;39m][0;39m - Skipping PropertySource servletConfigInitParams [class org.springframework.core.env.PropertySource$StubPropertySource
[2024-01-25 22:40:15:8451] [32m[restartedMain][0;39m [34mINFO [0;39m [1;37m[com.ulisesbocchio.jasyptspringboot.EncryptablePropertySourceConverter.makeEncryptable:[33m110[0;39m][0;39m - Converting PropertySource servletContextInitParams [org.springframework.web.context.support.ServletContextPropertySource] to EncryptableEnumerablePropertySourceWrapper
[2024-01-25 22:40:15:8458] [32m[restartedMain][0;39m [34mINFO [0;39m [1;37m[org.springframework.boot.StartupInfoLogger.logStarted:[33m56[0;39m][0;39m - Started CloneTvingApplication in 8.076 seconds (process running for 8.675)
[2024-01-25 22:40:49:1364] [32m[background-preinit][0;39m [34mINFO [0;39m [1;37m[org.hibernate.validator.internal.util.Version.<clinit>:[33m21[0;39m][0;39m - HV000001: Hibernate Validator 8.0.1.Final
[2024-01-25 22:40:49:1435] [32m[restartedMain][0;39m [34mINFO [0;39m [1;37m[org.springframework.boot.StartupInfoLogger.logStarting:[33m50[0;39m][0;39m - Starting CloneTvingApplication using Java 17.0.8 with PID 20780 (C:\Users\zmfms\Desktop\Hoyeonjigi\CloneTving\clone-tving\build\classes\java\main started by zmfms in C:\Users\zmfms\Desktop\Hoyeonjigi\CloneTving)
[2024-01-25 22:40:49:1436] [32m[restartedMain][0;39m [34mINFO [0;39m [1;37m[org.springframework.boot.SpringApplication.logStartupProfileInfo:[33m659[0;39m][0;39m - The following 1 profile is active: "prod"
[2024-01-25 22:40:49:1501] [32m[restartedMain][0;39m [34mINFO [0;39m [1;37m[org.springframework.boot.logging.DeferredLog.logTo:[33m252[0;39m][0;39m - Devtools property defaults active! Set 'spring.devtools.add-properties' to 'false' to disable
[2024-01-25 22:40:49:1502] [32m[restartedMain][0;39m [34mINFO [0;39m [1;37m[org.springframework.boot.logging.DeferredLog.logTo:[33m252[0;39m][0;39m - For additional web related logging consider setting the 'logging.level.web' property to 'DEBUG'
[2024-01-25 22:40:50:2669] [32m[restartedMain][0;39m [34mINFO [0;39m [1;37m[org.springframework.data.repository.config.RepositoryConfigurationDelegate.registerRepositoriesIn:[33m139[0;39m][0;39m - Bootstrapping Spring Data JPA repositories in DEFAULT mode.
[2024-01-25 22:40:50:2775] [32m[restartedMain][0;39m [34mINFO [0;39m [1;37m[org.springframework.data.repository.config.RepositoryConfigurationDelegate.registerRepositoriesIn:[33m208[0;39m][0;39m - Finished Spring Data repository scanning in 94 ms. Found 6 JPA repository interfaces.
[2024-01-25 22:40:50:3131] [32m[restartedMain][0;39m [34mINFO [0;39m [1;37m[com.ulisesbocchio.jasyptspringboot.configuration.EnableEncryptablePropertiesBeanFactoryPostProcessor.postProcessBeanFactory:[33m44[0;39m][0;39m - Post-processing PropertySource instances
[2024-01-25 22:40:50:3132] [32m[restartedMain][0;39m [34mINFO [0;39m [1;37m[com.ulisesbocchio.jasyptspringboot.EncryptablePropertySourceConverter.makeEncryptable:[33m105[0;39m][0;39m - Skipping PropertySource configurationProperties [class org.springframework.boot.context.properties.source.ConfigurationPropertySourcesPropertySource
[2024-01-25 22:40:50:3132] [32m[restartedMain][0;39m [34mINFO [0;39m [1;37m[com.ulisesbocchio.jasyptspringboot.EncryptablePropertySourceConverter.makeEncryptable:[33m105[0;39m][0;39m - Skipping PropertySource servletConfigInitParams [class org.springframework.core.env.PropertySource$StubPropertySource
[2024-01-25 22:40:50:3133] [32m[restartedMain][0;39m [34mINFO [0;39m [1;37m[com.ulisesbocchio.jasyptspringboot.EncryptablePropertySourceConverter.makeEncryptable:[33m105[0;39m][0;39m - Skipping PropertySource servletContextInitParams [class org.springframework.core.env.PropertySource$StubPropertySource
[2024-01-25 22:40:50:3134] [32m[restartedMain][0;39m [34mINFO [0;39m [1;37m[com.ulisesbocchio.jasyptspringboot.EncryptablePropertySourceConverter.makeEncryptable:[33m110[0;39m][0;39m - Converting PropertySource systemProperties [org.springframework.core.env.PropertiesPropertySource] to EncryptableMapPropertySourceWrapper
[2024-01-25 22:40:50:3134] [32m[restartedMain][0;39m [34mINFO [0;39m [1;37m[com.ulisesbocchio.jasyptspringboot.EncryptablePropertySourceConverter.makeEncryptable:[33m110[0;39m][0;39m - Converting PropertySource systemEnvironment [org.springframework.boot.env.SystemEnvironmentPropertySourceEnvironmentPostProcessor$OriginAwareSystemEnvironmentPropertySource] to EncryptableSystemEnvironmentPropertySourceWrapper
[2024-01-25 22:40:50:3134] [32m[restartedMain][0;39m [34mINFO [0;39m [1;37m[com.ulisesbocchio.jasyptspringboot.EncryptablePropertySourceConverter.makeEncryptable:[33m110[0;39m][0;39m - Converting PropertySource random [org.springframework.boot.env.RandomValuePropertySource] to EncryptablePropertySourceWrapper
[2024-01-25 22:40:50:3134] [32m[restartedMain][0;39m [34mINFO [0;39m [1;37m[com.ulisesbocchio.jasyptspringboot.EncryptablePropertySourceConverter.makeEncryptable:[33m110[0;39m][0;39m - Converting PropertySource Config resource 'class path resource [application.properties]' via location 'optional:classpath:/' [org.springframework.boot.env.OriginTrackedMapPropertySource] to EncryptableMapPropertySourceWrapper
[2024-01-25 22:40:50:3134] [32m[restartedMain][0;39m [34mINFO [0;39m [1;37m[com.ulisesbocchio.jasyptspringboot.EncryptablePropertySourceConverter.makeEncryptable:[33m110[0;39m][0;39m - Converting PropertySource devtools [org.springframework.core.env.MapPropertySource] to EncryptableMapPropertySourceWrapper
[2024-01-25 22:40:50:3134] [32m[restartedMain][0;39m [34mINFO [0;39m [1;37m[com.ulisesbocchio.jasyptspringboot.EncryptablePropertySourceConverter.makeEncryptable:[33m110[0;39m][0;39m - Converting PropertySource class path resource [application.properties] [org.springframework.core.io.support.ResourcePropertySource] to EncryptableMapPropertySourceWrapper
[2024-01-25 22:40:51:3327] [32m[restartedMain][0;39m [34mINFO [0;39m [1;37m[com.ulisesbocchio.jasyptspringboot.filter.DefaultLazyPropertyFilter.lambda$new$2:[33m45[0;39m][0;39m - Property Filter custom Bean not found with name 'encryptablePropertyFilter'. Initializing Default Property Filter
[2024-01-25 22:40:51:3340] [32m[restartedMain][0;39m [34mINFO [0;39m [1;37m[com.ulisesbocchio.jasyptspringboot.resolver.DefaultLazyPropertyResolver.lambda$new$2:[33m46[0;39m][0;39m - Property Resolver custom Bean not found with name 'encryptablePropertyResolver'. Initializing Default Property Resolver
[2024-01-25 22:40:51:3342] [32m[restartedMain][0;39m [34mINFO [0;39m [1;37m[com.ulisesbocchio.jasyptspringboot.detector.DefaultLazyPropertyDetector.lambda$new$2:[33m44[0;39m][0;39m - Property Detector custom Bean not found with name 'encryptablePropertyDetector'. Initializing Default Property Detector
[2024-01-25 22:40:51:3643] [32m[restartedMain][0;39m [34mINFO [0;39m [1;37m[org.springframework.boot.web.embedded.tomcat.TomcatWebServer.initialize:[33m108[0;39m][0;39m - Tomcat initialized with port 8090 (http)
[2024-01-25 22:40:51:3655] [32m[restartedMain][0;39m [34mINFO [0;39m [1;37m[org.apache.juli.logging.DirectJDKLog.log:[33m173[0;39m][0;39m - Initializing ProtocolHandler ["http-nio-8090"]
[2024-01-25 22:40:51:3657] [32m[restartedMain][0;39m [34mINFO [0;39m [1;37m[org.apache.juli.logging.DirectJDKLog.log:[33m173[0;39m][0;39m - Starting service [Tomcat]
[2024-01-25 22:40:51:3658] [32m[restartedMain][0;39m [34mINFO [0;39m [1;37m[org.apache.juli.logging.DirectJDKLog.log:[33m173[0;39m][0;39m - Starting Servlet engine: [Apache Tomcat/10.1.16]
[2024-01-25 22:40:51:3722] [32m[restartedMain][0;39m [34mINFO [0;39m [1;37m[org.apache.juli.logging.DirectJDKLog.log:[33m173[0;39m][0;39m - Initializing Spring embedded WebApplicationContext
[2024-01-25 22:40:51:3723] [32m[restartedMain][0;39m [34mINFO [0;39m [1;37m[org.springframework.boot.web.servlet.context.ServletWebServerApplicationContext.prepareWebApplicationContext:[33m296[0;39m][0;39m - Root WebApplicationContext: initialization completed in 2221 ms
[2024-01-25 22:40:51:3825] [32m[restartedMain][0;39m [34mINFO [0;39m [1;37m[com.ulisesbocchio.jasyptspringboot.encryptor.DefaultLazyEncryptor.lambda$new$1:[33m41[0;39m][0;39m - Found Custom Encryptor Bean org.jasypt.encryption.pbe.PooledPBEStringEncryptor@36385c2c with name: jasyptEncryptorAES
[2024-01-25 22:40:51:3956] [32m[restartedMain][0;39m [34mINFO [0;39m [1;37m[com.zaxxer.hikari.HikariDataSource.<init>:[33m80[0;39m][0;39m - HikariPool-1 - Starting...
[2024-01-25 22:40:52:4413] [32m[restartedMain][0;39m [34mINFO [0;39m [1;37m[com.zaxxer.hikari.pool.HikariPool.checkFailFast:[33m565[0;39m][0;39m - HikariPool-1 - Added connection com.mysql.cj.jdbc.ConnectionImpl@6f210134
[2024-01-25 22:40:52:4415] [32m[restartedMain][0;39m [34mINFO [0;39m [1;37m[com.zaxxer.hikari.HikariDataSource.<init>:[33m82[0;39m][0;39m - HikariPool-1 - Start completed.
[2024-01-25 22:40:52:4522] [32m[restartedMain][0;39m [34mINFO [0;39m [1;37m[org.hibernate.jpa.internal.util.LogHelper.logPersistenceUnitInformation:[33m31[0;39m][0;39m - HHH000204: Processing PersistenceUnitInfo [name: default]
[2024-01-25 22:40:52:4599] [32m[restartedMain][0;39m [34mINFO [0;39m [1;37m[org.hibernate.Version.logVersion:[33m44[0;39m][0;39m - HHH000412: Hibernate ORM core version 6.3.1.Final
[2024-01-25 22:40:52:4640] [32m[restartedMain][0;39m [34mINFO [0;39m [1;37m[org.hibernate.cache.internal.RegionFactoryInitiator.initiateService:[33m50[0;39m][0;39m - HHH000026: Second-level cache disabled
[2024-01-25 22:40:52:4887] [32m[restartedMain][0;39m [34mINFO [0;39m [1;37m[org.springframework.orm.jpa.persistenceunit.SpringPersistenceUnitInfo.addTransformer:[33m87[0;39m][0;39m - No LoadTimeWeaver setup: ignoring JPA class transformer
[2024-01-25 22:40:53:6271] [32m[restartedMain][0;39m [34mINFO [0;39m [1;37m[org.hibernate.engine.transaction.jta.platform.internal.JtaPlatformInitiator.initiateService:[33m58[0;39m][0;39m - HHH000489: No JTA platform available (set 'hibernate.transaction.jta.platform' to enable JTA platform integration)
[2024-01-25 22:40:53:6274] [32m[restartedMain][0;39m [34mINFO [0;39m [1;37m[org.springframework.orm.jpa.AbstractEntityManagerFactoryBean.buildNativeEntityManagerFactory:[33m437[0;39m][0;39m - Initialized JPA EntityManagerFactory for persistence unit 'default'
[2024-01-25 22:40:54:6564] [32m[restartedMain][0;39m [34mINFO [0;39m [1;37m[org.springframework.data.jpa.repository.query.QueryEnhancerFactory.<clinit>:[33m49[0;39m][0;39m - Hibernate is in classpath; If applicable, HQL parser will be used.
[2024-01-25 22:40:55:7787] [32m[restartedMain][0;39m [34mINFO [0;39m [1;37m[org.springframework.security.web.DefaultSecurityFilterChain.<init>:[33m54[0;39m][0;39m - Will secure any request with [org.springframework.security.web.session.DisableEncodeUrlFilter@2b191175, org.springframework.security.web.context.request.async.WebAsyncManagerIntegrationFilter@261b2da9, org.springframework.security.web.context.SecurityContextHolderFilter@1c5b96be, org.springframework.security.web.header.HeaderWriterFilter@5ba790ee, org.springframework.web.filter.CorsFilter@47988222, org.springframework.security.web.authentication.logout.LogoutFilter@5087b5bd, site.hoyeonjigi.clonetving.common.ExceptionHandlerFilter@9a33747, site.hoyeonjigi.clonetving.common.JwtAuthenticationFilter@6ad21dbf, org.springframework.security.web.savedrequest.RequestCacheAwareFilter@3b7f6873, org.springframework.security.web.servletapi.SecurityContextHolderAwareRequestFilter@393921c7, org.springframework.security.web.authentication.AnonymousAuthenticationFilter@15db1329, org.springframework.security.web.session.SessionManagementFilter@6203de43, org.springframework.security.web.access.ExceptionTranslationFilter@4afecd63, org.springframework.security.web.access.intercept.AuthorizationFilter@727ffe09]
[2024-01-25 22:40:55:8224] [32m[restartedMain][0;39m [34mINFO [0;39m [1;37m[org.springframework.boot.devtools.autoconfigure.OptionalLiveReloadServer.startServer:[33m59[0;39m][0;39m - LiveReload server is running on port 35729
[2024-01-25 22:40:55:8240] [32m[restartedMain][0;39m [34mINFO [0;39m [1;37m[org.apache.juli.logging.DirectJDKLog.log:[33m173[0;39m][0;39m - Starting ProtocolHandler ["http-nio-8090"]
[2024-01-25 22:40:55:8260] [32m[restartedMain][0;39m [34mINFO [0;39m [1;37m[org.springframework.boot.web.embedded.tomcat.TomcatWebServer.start:[33m221[0;39m][0;39m - Tomcat started on port 8090 (http) with context path ''
[2024-01-25 22:40:55:8262] [32m[restartedMain][0;39m [34mINFO [0;39m [1;37m[com.ulisesbocchio.jasyptspringboot.caching.RefreshScopeRefreshedEventListener.onApplicationEvent:[33m70[0;39m][0;39m - Refreshing cached encryptable property sources on ServletWebServerInitializedEvent
[2024-01-25 22:40:55:8262] [32m[restartedMain][0;39m [34mINFO [0;39m [1;37m[com.ulisesbocchio.jasyptspringboot.caching.CachingDelegateEncryptablePropertySource.refresh:[33m92[0;39m][0;39m - Property Source systemProperties refreshed
[2024-01-25 22:40:55:8263] [32m[restartedMain][0;39m [34mINFO [0;39m [1;37m[com.ulisesbocchio.jasyptspringboot.caching.CachingDelegateEncryptablePropertySource.refresh:[33m92[0;39m][0;39m - Property Source systemEnvironment refreshed
[2024-01-25 22:40:55:8263] [32m[restartedMain][0;39m [34mINFO [0;39m [1;37m[com.ulisesbocchio.jasyptspringboot.caching.CachingDelegateEncryptablePropertySource.refresh:[33m92[0;39m][0;39m - Property Source random refreshed
[2024-01-25 22:40:55:8263] [32m[restartedMain][0;39m [34mINFO [0;39m [1;37m[com.ulisesbocchio.jasyptspringboot.caching.CachingDelegateEncryptablePropertySource.refresh:[33m92[0;39m][0;39m - Property Source Config resource 'class path resource [application.properties]' via location 'optional:classpath:/' refreshed
[2024-01-25 22:40:55:8263] [32m[restartedMain][0;39m [34mINFO [0;39m [1;37m[com.ulisesbocchio.jasyptspringboot.caching.CachingDelegateEncryptablePropertySource.refresh:[33m92[0;39m][0;39m - Property Source devtools refreshed
[2024-01-25 22:40:55:8263] [32m[restartedMain][0;39m [34mINFO [0;39m [1;37m[com.ulisesbocchio.jasyptspringboot.caching.CachingDelegateEncryptablePropertySource.refresh:[33m92[0;39m][0;39m - Property Source class path resource [application.properties] refreshed
[2024-01-25 22:40:55:8263] [32m[restartedMain][0;39m [34mINFO [0;39m [1;37m[com.ulisesbocchio.jasyptspringboot.EncryptablePropertySourceConverter.makeEncryptable:[33m105[0;39m][0;39m - Skipping PropertySource configurationProperties [class org.springframework.boot.context.properties.source.ConfigurationPropertySourcesPropertySource
[2024-01-25 22:40:55:8263] [32m[restartedMain][0;39m [34mINFO [0;39m [1;37m[com.ulisesbocchio.jasyptspringboot.EncryptablePropertySourceConverter.makeEncryptable:[33m105[0;39m][0;39m - Skipping PropertySource servletConfigInitParams [class org.springframework.core.env.PropertySource$StubPropertySource
[2024-01-25 22:40:55:8268] [32m[restartedMain][0;39m [34mINFO [0;39m [1;37m[com.ulisesbocchio.jasyptspringboot.EncryptablePropertySourceConverter.makeEncryptable:[33m110[0;39m][0;39m - Converting PropertySource servletContextInitParams [org.springframework.web.context.support.ServletContextPropertySource] to EncryptableEnumerablePropertySourceWrapper
[2024-01-25 22:40:56:8281] [32m[restartedMain][0;39m [34mINFO [0;39m [1;37m[org.springframework.boot.StartupInfoLogger.logStarted:[33m56[0;39m][0;39m - Started CloneTvingApplication in 7.817 seconds (process running for 8.551)
[2024-01-25 22:41:47:858 ] [32m[background-preinit][0;39m [34mINFO [0;39m [1;37m[org.hibernate.validator.internal.util.Version.<clinit>:[33m21[0;39m][0;39m - HV000001: Hibernate Validator 8.0.1.Final
[2024-01-25 22:41:47:908 ] [32m[restartedMain][0;39m [34mINFO [0;39m [1;37m[org.springframework.boot.StartupInfoLogger.logStarting:[33m50[0;39m][0;39m - Starting CloneTvingApplication using Java 17.0.8 with PID 8716 (C:\Users\zmfms\Desktop\Hoyeonjigi\CloneTving\clone-tving\build\classes\java\main started by zmfms in C:\Users\zmfms\Desktop\Hoyeonjigi\CloneTving)
[2024-01-25 22:41:47:910 ] [32m[restartedMain][0;39m [34mINFO [0;39m [1;37m[org.springframework.boot.SpringApplication.logStartupProfileInfo:[33m659[0;39m][0;39m - The following 1 profile is active: "prod"
[2024-01-25 22:41:47:969 ] [32m[restartedMain][0;39m [34mINFO [0;39m [1;37m[org.springframework.boot.logging.DeferredLog.logTo:[33m252[0;39m][0;39m - Devtools property defaults active! Set 'spring.devtools.add-properties' to 'false' to disable
[2024-01-25 22:41:47:969 ] [32m[restartedMain][0;39m [34mINFO [0;39m [1;37m[org.springframework.boot.logging.DeferredLog.logTo:[33m252[0;39m][0;39m - For additional web related logging consider setting the 'logging.level.web' property to 'DEBUG'
[2024-01-25 22:41:48:2066] [32m[restartedMain][0;39m [34mINFO [0;39m [1;37m[org.springframework.data.repository.config.RepositoryConfigurationDelegate.registerRepositoriesIn:[33m139[0;39m][0;39m - Bootstrapping Spring Data JPA repositories in DEFAULT mode.
[2024-01-25 22:41:48:2189] [32m[restartedMain][0;39m [34mINFO [0;39m [1;37m[org.springframework.data.repository.config.RepositoryConfigurationDelegate.registerRepositoriesIn:[33m208[0;39m][0;39m - Finished Spring Data repository scanning in 112 ms. Found 6 JPA repository interfaces.
[2024-01-25 22:41:49:2531] [32m[restartedMain][0;39m [34mINFO [0;39m [1;37m[com.ulisesbocchio.jasyptspringboot.configuration.EnableEncryptablePropertiesBeanFactoryPostProcessor.postProcessBeanFactory:[33m44[0;39m][0;39m - Post-processing PropertySource instances
[2024-01-25 22:41:49:2532] [32m[restartedMain][0;39m [34mINFO [0;39m [1;37m[com.ulisesbocchio.jasyptspringboot.EncryptablePropertySourceConverter.makeEncryptable:[33m105[0;39m][0;39m - Skipping PropertySource configurationProperties [class org.springframework.boot.context.properties.source.ConfigurationPropertySourcesPropertySource
[2024-01-25 22:41:49:2532] [32m[restartedMain][0;39m [34mINFO [0;39m [1;37m[com.ulisesbocchio.jasyptspringboot.EncryptablePropertySourceConverter.makeEncryptable:[33m105[0;39m][0;39m - Skipping PropertySource servletConfigInitParams [class org.springframework.core.env.PropertySource$StubPropertySource
[2024-01-25 22:41:49:2533] [32m[restartedMain][0;39m [34mINFO [0;39m [1;37m[com.ulisesbocchio.jasyptspringboot.EncryptablePropertySourceConverter.makeEncryptable:[33m105[0;39m][0;39m - Skipping PropertySource servletContextInitParams [class org.springframework.core.env.PropertySource$StubPropertySource
[2024-01-25 22:41:49:2534] [32m[restartedMain][0;39m [34mINFO [0;39m [1;37m[com.ulisesbocchio.jasyptspringboot.EncryptablePropertySourceConverter.makeEncryptable:[33m110[0;39m][0;39m - Converting PropertySource systemProperties [org.springframework.core.env.PropertiesPropertySource] to EncryptableMapPropertySourceWrapper
[2024-01-25 22:41:49:2534] [32m[restartedMain][0;39m [34mINFO [0;39m [1;37m[com.ulisesbocchio.jasyptspringboot.EncryptablePropertySourceConverter.makeEncryptable:[33m110[0;39m][0;39m - Converting PropertySource systemEnvironment [org.springframework.boot.env.SystemEnvironmentPropertySourceEnvironmentPostProcessor$OriginAwareSystemEnvironmentPropertySource] to EncryptableSystemEnvironmentPropertySourceWrapper
[2024-01-25 22:41:49:2534] [32m[restartedMain][0;39m [34mINFO [0;39m [1;37m[com.ulisesbocchio.jasyptspringboot.EncryptablePropertySourceConverter.makeEncryptable:[33m110[0;39m][0;39m - Converting PropertySource random [org.springframework.boot.env.RandomValuePropertySource] to EncryptablePropertySourceWrapper
[2024-01-25 22:41:49:2534] [32m[restartedMain][0;39m [34mINFO [0;39m [1;37m[com.ulisesbocchio.jasyptspringboot.EncryptablePropertySourceConverter.makeEncryptable:[33m110[0;39m][0;39m - Converting PropertySource Config resource 'class path resource [application.properties]' via location 'optional:classpath:/' [org.springframework.boot.env.OriginTrackedMapPropertySource] to EncryptableMapPropertySourceWrapper
[2024-01-25 22:41:49:2534] [32m[restartedMain][0;39m [34mINFO [0;39m [1;37m[com.ulisesbocchio.jasyptspringboot.EncryptablePropertySourceConverter.makeEncryptable:[33m110[0;39m][0;39m - Converting PropertySource devtools [org.springframework.core.env.MapPropertySource] to EncryptableMapPropertySourceWrapper
[2024-01-25 22:41:49:2534] [32m[restartedMain][0;39m [34mINFO [0;39m [1;37m[com.ulisesbocchio.jasyptspringboot.EncryptablePropertySourceConverter.makeEncryptable:[33m110[0;39m][0;39m - Converting PropertySource class path resource [application.properties] [org.springframework.core.io.support.ResourcePropertySource] to EncryptableMapPropertySourceWrapper
[2024-01-25 22:41:49:2702] [32m[restartedMain][0;39m [34mINFO [0;39m [1;37m[com.ulisesbocchio.jasyptspringboot.filter.DefaultLazyPropertyFilter.lambda$new$2:[33m45[0;39m][0;39m - Property Filter custom Bean not found with name 'encryptablePropertyFilter'. Initializing Default Property Filter
[2024-01-25 22:41:49:2712] [32m[restartedMain][0;39m [34mINFO [0;39m [1;37m[com.ulisesbocchio.jasyptspringboot.resolver.DefaultLazyPropertyResolver.lambda$new$2:[33m46[0;39m][0;39m - Property Resolver custom Bean not found with name 'encryptablePropertyResolver'. Initializing Default Property Resolver
[2024-01-25 22:41:49:2715] [32m[restartedMain][0;39m [34mINFO [0;39m [1;37m[com.ulisesbocchio.jasyptspringboot.detector.DefaultLazyPropertyDetector.lambda$new$2:[33m44[0;39m][0;39m - Property Detector custom Bean not found with name 'encryptablePropertyDetector'. Initializing Default Property Detector
[2024-01-25 22:41:49:2992] [32m[restartedMain][0;39m [34mINFO [0;39m [1;37m[org.springframework.boot.web.embedded.tomcat.TomcatWebServer.initialize:[33m108[0;39m][0;39m - Tomcat initialized with port 8090 (http)
[2024-01-25 22:41:49:2999] [32m[restartedMain][0;39m [34mINFO [0;39m [1;37m[org.apache.juli.logging.DirectJDKLog.log:[33m173[0;39m][0;39m - Initializing ProtocolHandler ["http-nio-8090"]
[2024-01-25 22:41:49:3002] [32m[restartedMain][0;39m [34mINFO [0;39m [1;37m[org.apache.juli.logging.DirectJDKLog.log:[33m173[0;39m][0;39m - Starting service [Tomcat]
[2024-01-25 22:41:49:3003] [32m[restartedMain][0;39m [34mINFO [0;39m [1;37m[org.apache.juli.logging.DirectJDKLog.log:[33m173[0;39m][0;39m - Starting Servlet engine: [Apache Tomcat/10.1.16]
[2024-01-25 22:41:49:3066] [32m[restartedMain][0;39m [34mINFO [0;39m [1;37m[org.apache.juli.logging.DirectJDKLog.log:[33m173[0;39m][0;39m - Initializing Spring embedded WebApplicationContext
[2024-01-25 22:41:49:3066] [32m[restartedMain][0;39m [34mINFO [0;39m [1;37m[org.springframework.boot.web.servlet.context.ServletWebServerApplicationContext.prepareWebApplicationContext:[33m296[0;39m][0;39m - Root WebApplicationContext: initialization completed in 2096 ms
[2024-01-25 22:41:49:3151] [32m[restartedMain][0;39m [34mINFO [0;39m [1;37m[com.ulisesbocchio.jasyptspringboot.encryptor.DefaultLazyEncryptor.lambda$new$1:[33m41[0;39m][0;39m - Found Custom Encryptor Bean org.jasypt.encryption.pbe.PooledPBEStringEncryptor@3bdb6e47 with name: jasyptEncryptorAES
[2024-01-25 22:41:49:3269] [32m[restartedMain][0;39m [34mINFO [0;39m [1;37m[com.zaxxer.hikari.HikariDataSource.<init>:[33m80[0;39m][0;39m - HikariPool-1 - Starting...
[2024-01-25 22:41:50:3665] [32m[restartedMain][0;39m [34mINFO [0;39m [1;37m[com.zaxxer.hikari.pool.HikariPool.checkFailFast:[33m565[0;39m][0;39m - HikariPool-1 - Added connection com.mysql.cj.jdbc.ConnectionImpl@77b68174
[2024-01-25 22:41:50:3669] [32m[restartedMain][0;39m [34mINFO [0;39m [1;37m[com.zaxxer.hikari.HikariDataSource.<init>:[33m82[0;39m][0;39m - HikariPool-1 - Start completed.
[2024-01-25 22:41:50:3840] [32m[restartedMain][0;39m [34mINFO [0;39m [1;37m[org.hibernate.jpa.internal.util.LogHelper.logPersistenceUnitInformation:[33m31[0;39m][0;39m - HHH000204: Processing PersistenceUnitInfo [name: default]
[2024-01-25 22:41:50:3912] [32m[restartedMain][0;39m [34mINFO [0;39m [1;37m[org.hibernate.Version.logVersion:[33m44[0;39m][0;39m - HHH000412: Hibernate ORM core version 6.3.1.Final
[2024-01-25 22:41:50:3964] [32m[restartedMain][0;39m [34mINFO [0;39m [1;37m[org.hibernate.cache.internal.RegionFactoryInitiator.initiateService:[33m50[0;39m][0;39m - HHH000026: Second-level cache disabled
[2024-01-25 22:41:50:4222] [32m[restartedMain][0;39m [34mINFO [0;39m [1;37m[org.springframework.orm.jpa.persistenceunit.SpringPersistenceUnitInfo.addTransformer:[33m87[0;39m][0;39m - No LoadTimeWeaver setup: ignoring JPA class transformer
[2024-01-25 22:41:51:5414] [32m[restartedMain][0;39m [34mINFO [0;39m [1;37m[org.hibernate.engine.transaction.jta.platform.internal.JtaPlatformInitiator.initiateService:[33m58[0;39m][0;39m - HHH000489: No JTA platform available (set 'hibernate.transaction.jta.platform' to enable JTA platform integration)
[2024-01-25 22:41:51:5417] [32m[restartedMain][0;39m [34mINFO [0;39m [1;37m[org.springframework.orm.jpa.AbstractEntityManagerFactoryBean.buildNativeEntityManagerFactory:[33m437[0;39m][0;39m - Initialized JPA EntityManagerFactory for persistence unit 'default'
[2024-01-25 22:41:52:5745] [32m[restartedMain][0;39m [34mINFO [0;39m [1;37m[org.springframework.data.jpa.repository.query.QueryEnhancerFactory.<clinit>:[33m49[0;39m][0;39m - Hibernate is in classpath; If applicable, HQL parser will be used.
[2024-01-25 22:41:53:6916] [32m[restartedMain][0;39m [34mINFO [0;39m [1;37m[org.springframework.security.web.DefaultSecurityFilterChain.<init>:[33m54[0;39m][0;39m - Will secure any request with [org.springframework.security.web.session.DisableEncodeUrlFilter@cf14a16, org.springframework.security.web.context.request.async.WebAsyncManagerIntegrationFilter@1a911a01, org.springframework.security.web.context.SecurityContextHolderFilter@347647ac, org.springframework.security.web.header.HeaderWriterFilter@5eba8a57, org.springframework.web.filter.CorsFilter@56324f8a, org.springframework.security.web.authentication.logout.LogoutFilter@36a895a3, site.hoyeonjigi.clonetving.common.ExceptionHandlerFilter@259f7298, site.hoyeonjigi.clonetving.common.JwtAuthenticationFilter@23b82dc7, org.springframework.security.web.savedrequest.RequestCacheAwareFilter@647f9eb, org.springframework.security.web.servletapi.SecurityContextHolderAwareRequestFilter@4bbf9c88, org.springframework.security.web.authentication.AnonymousAuthenticationFilter@31eb6aa3, org.springframework.security.web.session.SessionManagementFilter@1c1fe9fc, org.springframework.security.web.access.ExceptionTranslationFilter@45252eb6, org.springframework.security.web.access.intercept.AuthorizationFilter@684fd72e]
[2024-01-25 22:41:53:7267] [32m[restartedMain][0;39m [34mINFO [0;39m [1;37m[org.springframework.boot.devtools.autoconfigure.OptionalLiveReloadServer.startServer:[33m59[0;39m][0;39m - LiveReload server is running on port 35729
[2024-01-25 22:41:53:7281] [32m[restartedMain][0;39m [34mINFO [0;39m [1;37m[org.apache.juli.logging.DirectJDKLog.log:[33m173[0;39m][0;39m - Starting ProtocolHandler ["http-nio-8090"]
[2024-01-25 22:41:53:7307] [32m[restartedMain][0;39m [34mINFO [0;39m [1;37m[org.springframework.boot.web.embedded.tomcat.TomcatWebServer.start:[33m221[0;39m][0;39m - Tomcat started on port 8090 (http) with context path ''
[2024-01-25 22:41:53:7308] [32m[restartedMain][0;39m [34mINFO [0;39m [1;37m[com.ulisesbocchio.jasyptspringboot.caching.RefreshScopeRefreshedEventListener.onApplicationEvent:[33m70[0;39m][0;39m - Refreshing cached encryptable property sources on ServletWebServerInitializedEvent
[2024-01-25 22:41:53:7309] [32m[restartedMain][0;39m [34mINFO [0;39m [1;37m[com.ulisesbocchio.jasyptspringboot.caching.CachingDelegateEncryptablePropertySource.refresh:[33m92[0;39m][0;39m - Property Source systemProperties refreshed
[2024-01-25 22:41:53:7309] [32m[restartedMain][0;39m [34mINFO [0;39m [1;37m[com.ulisesbocchio.jasyptspringboot.caching.CachingDelegateEncryptablePropertySource.refresh:[33m92[0;39m][0;39m - Property Source systemEnvironment refreshed
[2024-01-25 22:41:53:7309] [32m[restartedMain][0;39m [34mINFO [0;39m [1;37m[com.ulisesbocchio.jasyptspringboot.caching.CachingDelegateEncryptablePropertySource.refresh:[33m92[0;39m][0;39m - Property Source random refreshed
[2024-01-25 22:41:53:7309] [32m[restartedMain][0;39m [34mINFO [0;39m [1;37m[com.ulisesbocchio.jasyptspringboot.caching.CachingDelegateEncryptablePropertySource.refresh:[33m92[0;39m][0;39m - Property Source Config resource 'class path resource [application.properties]' via location 'optional:classpath:/' refreshed
[2024-01-25 22:41:53:7309] [32m[restartedMain][0;39m [34mINFO [0;39m [1;37m[com.ulisesbocchio.jasyptspringboot.caching.CachingDelegateEncryptablePropertySource.refresh:[33m92[0;39m][0;39m - Property Source devtools refreshed
[2024-01-25 22:41:53:7309] [32m[restartedMain][0;39m [34mINFO [0;39m [1;37m[com.ulisesbocchio.jasyptspringboot.caching.CachingDelegateEncryptablePropertySource.refresh:[33m92[0;39m][0;39m - Property Source class path resource [application.properties] refreshed
[2024-01-25 22:41:53:7309] [32m[restartedMain][0;39m [34mINFO [0;39m [1;37m[com.ulisesbocchio.jasyptspringboot.EncryptablePropertySourceConverter.makeEncryptable:[33m105[0;39m][0;39m - Skipping PropertySource configurationProperties [class org.springframework.boot.context.properties.source.ConfigurationPropertySourcesPropertySource
[2024-01-25 22:41:53:7309] [32m[restartedMain][0;39m [34mINFO [0;39m [1;37m[com.ulisesbocchio.jasyptspringboot.EncryptablePropertySourceConverter.makeEncryptable:[33m105[0;39m][0;39m - Skipping PropertySource servletConfigInitParams [class org.springframework.core.env.PropertySource$StubPropertySource
[2024-01-25 22:41:53:7310] [32m[restartedMain][0;39m [34mINFO [0;39m [1;37m[com.ulisesbocchio.jasyptspringboot.EncryptablePropertySourceConverter.makeEncryptable:[33m110[0;39m][0;39m - Converting PropertySource servletContextInitParams [org.springframework.web.context.support.ServletContextPropertySource] to EncryptableEnumerablePropertySourceWrapper
[2024-01-25 22:41:53:7318] [32m[restartedMain][0;39m [34mINFO [0;39m [1;37m[org.springframework.boot.StartupInfoLogger.logStarted:[33m56[0;39m][0;39m - Started CloneTvingApplication in 7.002 seconds (process running for 7.53)
[2024-01-25 22:42:12:26316] [32m[http-nio-8090-exec-3][0;39m [34mINFO [0;39m [1;37m[org.apache.juli.logging.DirectJDKLog.log:[33m175[0;39m][0;39m - Error parsing HTTP request header
 Note: further occurrences of HTTP request parsing errors will be logged at DEBUG level.
java.lang.IllegalArgumentException: Invalid character found in method name [0x160x030x010x000xf70x010x000x000xf30x030x030x120xf5B0xd4K0x86(0xe60xaf0xbdxmF,Mk0xba0xe3c0x860xa71d0xbd0x9d ]. HTTP method names must be tokens
	at org.apache.coyote.http11.Http11InputBuffer.parseRequestLine(Http11InputBuffer.java:407)
	at org.apache.coyote.http11.Http11Processor.service(Http11Processor.java:264)
	at org.apache.coyote.AbstractProcessorLight.process(AbstractProcessorLight.java:63)
	at org.apache.coyote.AbstractProtocol$ConnectionHandler.process(AbstractProtocol.java:896)
	at org.apache.tomcat.util.net.NioEndpoint$SocketProcessor.doRun(NioEndpoint.java:1744)
	at org.apache.tomcat.util.net.SocketProcessorBase.run(SocketProcessorBase.java:52)
	at org.apache.tomcat.util.threads.ThreadPoolExecutor.runWorker(ThreadPoolExecutor.java:1191)
	at org.apache.tomcat.util.threads.ThreadPoolExecutor$Worker.run(ThreadPoolExecutor.java:659)
	at org.apache.tomcat.util.threads.TaskThread$WrappingRunnable.run(TaskThread.java:61)
	at java.base/java.lang.Thread.run(Thread.java:833)
[2024-01-25 22:43:02:782 ] [32m[background-preinit][0;39m [34mINFO [0;39m [1;37m[org.hibernate.validator.internal.util.Version.<clinit>:[33m21[0;39m][0;39m - HV000001: Hibernate Validator 8.0.1.Final
[2024-01-25 22:43:02:841 ] [32m[restartedMain][0;39m [34mINFO [0;39m [1;37m[org.springframework.boot.StartupInfoLogger.logStarting:[33m50[0;39m][0;39m - Starting CloneTvingApplication using Java 17.0.8 with PID 16700 (C:\Users\zmfms\Desktop\Hoyeonjigi\CloneTving\clone-tving\build\classes\java\main started by zmfms in C:\Users\zmfms\Desktop\Hoyeonjigi\CloneTving)
[2024-01-25 22:43:02:842 ] [32m[restartedMain][0;39m [34mINFO [0;39m [1;37m[org.springframework.boot.SpringApplication.logStartupProfileInfo:[33m659[0;39m][0;39m - The following 1 profile is active: "prod"
[2024-01-25 22:43:02:907 ] [32m[restartedMain][0;39m [34mINFO [0;39m [1;37m[org.springframework.boot.logging.DeferredLog.logTo:[33m252[0;39m][0;39m - Devtools property defaults active! Set 'spring.devtools.add-properties' to 'false' to disable
[2024-01-25 22:43:02:908 ] [32m[restartedMain][0;39m [34mINFO [0;39m [1;37m[org.springframework.boot.logging.DeferredLog.logTo:[33m252[0;39m][0;39m - For additional web related logging consider setting the 'logging.level.web' property to 'DEBUG'
[2024-01-25 22:43:03:2006] [32m[restartedMain][0;39m [34mINFO [0;39m [1;37m[org.springframework.data.repository.config.RepositoryConfigurationDelegate.registerRepositoriesIn:[33m139[0;39m][0;39m - Bootstrapping Spring Data JPA repositories in DEFAULT mode.
[2024-01-25 22:43:03:2129] [32m[restartedMain][0;39m [34mINFO [0;39m [1;37m[org.springframework.data.repository.config.RepositoryConfigurationDelegate.registerRepositoriesIn:[33m208[0;39m][0;39m - Finished Spring Data repository scanning in 105 ms. Found 6 JPA repository interfaces.
[2024-01-25 22:43:04:2502] [32m[restartedMain][0;39m [34mINFO [0;39m [1;37m[com.ulisesbocchio.jasyptspringboot.configuration.EnableEncryptablePropertiesBeanFactoryPostProcessor.postProcessBeanFactory:[33m44[0;39m][0;39m - Post-processing PropertySource instances
[2024-01-25 22:43:04:2505] [32m[restartedMain][0;39m [34mINFO [0;39m [1;37m[com.ulisesbocchio.jasyptspringboot.EncryptablePropertySourceConverter.makeEncryptable:[33m105[0;39m][0;39m - Skipping PropertySource configurationProperties [class org.springframework.boot.context.properties.source.ConfigurationPropertySourcesPropertySource
[2024-01-25 22:43:04:2506] [32m[restartedMain][0;39m [34mINFO [0;39m [1;37m[com.ulisesbocchio.jasyptspringboot.EncryptablePropertySourceConverter.makeEncryptable:[33m105[0;39m][0;39m - Skipping PropertySource servletConfigInitParams [class org.springframework.core.env.PropertySource$StubPropertySource
[2024-01-25 22:43:04:2506] [32m[restartedMain][0;39m [34mINFO [0;39m [1;37m[com.ulisesbocchio.jasyptspringboot.EncryptablePropertySourceConverter.makeEncryptable:[33m105[0;39m][0;39m - Skipping PropertySource servletContextInitParams [class org.springframework.core.env.PropertySource$StubPropertySource
[2024-01-25 22:43:04:2508] [32m[restartedMain][0;39m [34mINFO [0;39m [1;37m[com.ulisesbocchio.jasyptspringboot.EncryptablePropertySourceConverter.makeEncryptable:[33m110[0;39m][0;39m - Converting PropertySource systemProperties [org.springframework.core.env.PropertiesPropertySource] to EncryptableMapPropertySourceWrapper
[2024-01-25 22:43:04:2508] [32m[restartedMain][0;39m [34mINFO [0;39m [1;37m[com.ulisesbocchio.jasyptspringboot.EncryptablePropertySourceConverter.makeEncryptable:[33m110[0;39m][0;39m - Converting PropertySource systemEnvironment [org.springframework.boot.env.SystemEnvironmentPropertySourceEnvironmentPostProcessor$OriginAwareSystemEnvironmentPropertySource] to EncryptableSystemEnvironmentPropertySourceWrapper
[2024-01-25 22:43:04:2509] [32m[restartedMain][0;39m [34mINFO [0;39m [1;37m[com.ulisesbocchio.jasyptspringboot.EncryptablePropertySourceConverter.makeEncryptable:[33m110[0;39m][0;39m - Converting PropertySource random [org.springframework.boot.env.RandomValuePropertySource] to EncryptablePropertySourceWrapper
[2024-01-25 22:43:04:2510] [32m[restartedMain][0;39m [34mINFO [0;39m [1;37m[com.ulisesbocchio.jasyptspringboot.EncryptablePropertySourceConverter.makeEncryptable:[33m110[0;39m][0;39m - Converting PropertySource Config resource 'class path resource [application.properties]' via location 'optional:classpath:/' [org.springframework.boot.env.OriginTrackedMapPropertySource] to EncryptableMapPropertySourceWrapper
[2024-01-25 22:43:04:2510] [32m[restartedMain][0;39m [34mINFO [0;39m [1;37m[com.ulisesbocchio.jasyptspringboot.EncryptablePropertySourceConverter.makeEncryptable:[33m110[0;39m][0;39m - Converting PropertySource devtools [org.springframework.core.env.MapPropertySource] to EncryptableMapPropertySourceWrapper
[2024-01-25 22:43:04:2510] [32m[restartedMain][0;39m [34mINFO [0;39m [1;37m[com.ulisesbocchio.jasyptspringboot.EncryptablePropertySourceConverter.makeEncryptable:[33m110[0;39m][0;39m - Converting PropertySource class path resource [application.properties] [org.springframework.core.io.support.ResourcePropertySource] to EncryptableMapPropertySourceWrapper
[2024-01-25 22:43:04:2686] [32m[restartedMain][0;39m [34mINFO [0;39m [1;37m[com.ulisesbocchio.jasyptspringboot.filter.DefaultLazyPropertyFilter.lambda$new$2:[33m45[0;39m][0;39m - Property Filter custom Bean not found with name 'encryptablePropertyFilter'. Initializing Default Property Filter
[2024-01-25 22:43:04:2700] [32m[restartedMain][0;39m [34mINFO [0;39m [1;37m[com.ulisesbocchio.jasyptspringboot.resolver.DefaultLazyPropertyResolver.lambda$new$2:[33m46[0;39m][0;39m - Property Resolver custom Bean not found with name 'encryptablePropertyResolver'. Initializing Default Property Resolver
[2024-01-25 22:43:04:2703] [32m[restartedMain][0;39m [34mINFO [0;39m [1;37m[com.ulisesbocchio.jasyptspringboot.detector.DefaultLazyPropertyDetector.lambda$new$2:[33m44[0;39m][0;39m - Property Detector custom Bean not found with name 'encryptablePropertyDetector'. Initializing Default Property Detector
[2024-01-25 22:43:04:3024] [32m[restartedMain][0;39m [34mINFO [0;39m [1;37m[org.springframework.boot.web.embedded.tomcat.TomcatWebServer.initialize:[33m108[0;39m][0;39m - Tomcat initialized with port 8090 (http)
[2024-01-25 22:43:04:3034] [32m[restartedMain][0;39m [34mINFO [0;39m [1;37m[org.apache.juli.logging.DirectJDKLog.log:[33m173[0;39m][0;39m - Initializing ProtocolHandler ["http-nio-8090"]
[2024-01-25 22:43:04:3037] [32m[restartedMain][0;39m [34mINFO [0;39m [1;37m[org.apache.juli.logging.DirectJDKLog.log:[33m173[0;39m][0;39m - Starting service [Tomcat]
[2024-01-25 22:43:04:3038] [32m[restartedMain][0;39m [34mINFO [0;39m [1;37m[org.apache.juli.logging.DirectJDKLog.log:[33m173[0;39m][0;39m - Starting Servlet engine: [Apache Tomcat/10.1.16]
[2024-01-25 22:43:04:3126] [32m[restartedMain][0;39m [34mINFO [0;39m [1;37m[org.apache.juli.logging.DirectJDKLog.log:[33m173[0;39m][0;39m - Initializing Spring embedded WebApplicationContext
[2024-01-25 22:43:04:3126] [32m[restartedMain][0;39m [34mINFO [0;39m [1;37m[org.springframework.boot.web.servlet.context.ServletWebServerApplicationContext.prepareWebApplicationContext:[33m296[0;39m][0;39m - Root WebApplicationContext: initialization completed in 2217 ms
[2024-01-25 22:43:05:3242] [32m[restartedMain][0;39m [34mINFO [0;39m [1;37m[com.ulisesbocchio.jasyptspringboot.encryptor.DefaultLazyEncryptor.lambda$new$1:[33m41[0;39m][0;39m - Found Custom Encryptor Bean org.jasypt.encryption.pbe.PooledPBEStringEncryptor@597a090b with name: jasyptEncryptorAES
[2024-01-25 22:43:05:3338] [32m[restartedMain][0;39m [34mINFO [0;39m [1;37m[com.zaxxer.hikari.HikariDataSource.<init>:[33m80[0;39m][0;39m - HikariPool-1 - Starting...
[2024-01-25 22:43:05:3754] [32m[restartedMain][0;39m [34mINFO [0;39m [1;37m[com.zaxxer.hikari.pool.HikariPool.checkFailFast:[33m565[0;39m][0;39m - HikariPool-1 - Added connection com.mysql.cj.jdbc.ConnectionImpl@3dd5a70c
[2024-01-25 22:43:05:3756] [32m[restartedMain][0;39m [34mINFO [0;39m [1;37m[com.zaxxer.hikari.HikariDataSource.<init>:[33m82[0;39m][0;39m - HikariPool-1 - Start completed.
[2024-01-25 22:43:05:3859] [32m[restartedMain][0;39m [34mINFO [0;39m [1;37m[org.hibernate.jpa.internal.util.LogHelper.logPersistenceUnitInformation:[33m31[0;39m][0;39m - HHH000204: Processing PersistenceUnitInfo [name: default]
[2024-01-25 22:43:05:3924] [32m[restartedMain][0;39m [34mINFO [0;39m [1;37m[org.hibernate.Version.logVersion:[33m44[0;39m][0;39m - HHH000412: Hibernate ORM core version 6.3.1.Final
[2024-01-25 22:43:05:3968] [32m[restartedMain][0;39m [34mINFO [0;39m [1;37m[org.hibernate.cache.internal.RegionFactoryInitiator.initiateService:[33m50[0;39m][0;39m - HHH000026: Second-level cache disabled
[2024-01-25 22:43:06:4219] [32m[restartedMain][0;39m [34mINFO [0;39m [1;37m[org.springframework.orm.jpa.persistenceunit.SpringPersistenceUnitInfo.addTransformer:[33m87[0;39m][0;39m - No LoadTimeWeaver setup: ignoring JPA class transformer
[2024-01-25 22:43:07:5447] [32m[restartedMain][0;39m [34mINFO [0;39m [1;37m[org.hibernate.engine.transaction.jta.platform.internal.JtaPlatformInitiator.initiateService:[33m58[0;39m][0;39m - HHH000489: No JTA platform available (set 'hibernate.transaction.jta.platform' to enable JTA platform integration)
[2024-01-25 22:43:07:5452] [32m[restartedMain][0;39m [34mINFO [0;39m [1;37m[org.springframework.orm.jpa.AbstractEntityManagerFactoryBean.buildNativeEntityManagerFactory:[33m437[0;39m][0;39m - Initialized JPA EntityManagerFactory for persistence unit 'default'
[2024-01-25 22:43:07:5790] [32m[restartedMain][0;39m [34mINFO [0;39m [1;37m[org.springframework.data.jpa.repository.query.QueryEnhancerFactory.<clinit>:[33m49[0;39m][0;39m - Hibernate is in classpath; If applicable, HQL parser will be used.
[2024-01-25 22:43:08:7087] [32m[restartedMain][0;39m [34mINFO [0;39m [1;37m[org.springframework.security.web.DefaultSecurityFilterChain.<init>:[33m54[0;39m][0;39m - Will secure any request with [org.springframework.security.web.session.DisableEncodeUrlFilter@3040d694, org.springframework.security.web.context.request.async.WebAsyncManagerIntegrationFilter@6fda2176, org.springframework.security.web.context.SecurityContextHolderFilter@16a05a22, org.springframework.security.web.header.HeaderWriterFilter@7de54c10, org.springframework.web.filter.CorsFilter@7b2c9f0f, org.springframework.security.web.authentication.logout.LogoutFilter@7a3f3f00, site.hoyeonjigi.clonetving.common.ExceptionHandlerFilter@5087b5bd, site.hoyeonjigi.clonetving.common.JwtAuthenticationFilter@66453d4f, org.springframework.security.web.savedrequest.RequestCacheAwareFilter@3acc254, org.springframework.security.web.servletapi.SecurityContextHolderAwareRequestFilter@2e8bea34, org.springframework.security.web.authentication.AnonymousAuthenticationFilter@582a7160, org.springframework.security.web.session.SessionManagementFilter@4b66d9f8, org.springframework.security.web.access.ExceptionTranslationFilter@3bd948b5, org.springframework.security.web.access.intercept.AuthorizationFilter@41e3c4de]
[2024-01-25 22:43:09:7448] [32m[restartedMain][0;39m [34mINFO [0;39m [1;37m[org.springframework.boot.devtools.autoconfigure.OptionalLiveReloadServer.startServer:[33m59[0;39m][0;39m - LiveReload server is running on port 35729
[2024-01-25 22:43:09:7467] [32m[restartedMain][0;39m [34mINFO [0;39m [1;37m[org.apache.juli.logging.DirectJDKLog.log:[33m173[0;39m][0;39m - Starting ProtocolHandler ["http-nio-8090"]
[2024-01-25 22:43:09:7496] [32m[restartedMain][0;39m [34mINFO [0;39m [1;37m[org.springframework.boot.web.embedded.tomcat.TomcatWebServer.start:[33m221[0;39m][0;39m - Tomcat started on port 8090 (http) with context path ''
[2024-01-25 22:43:09:7497] [32m[restartedMain][0;39m [34mINFO [0;39m [1;37m[com.ulisesbocchio.jasyptspringboot.caching.RefreshScopeRefreshedEventListener.onApplicationEvent:[33m70[0;39m][0;39m - Refreshing cached encryptable property sources on ServletWebServerInitializedEvent
[2024-01-25 22:43:09:7498] [32m[restartedMain][0;39m [34mINFO [0;39m [1;37m[com.ulisesbocchio.jasyptspringboot.caching.CachingDelegateEncryptablePropertySource.refresh:[33m92[0;39m][0;39m - Property Source systemProperties refreshed
[2024-01-25 22:43:09:7498] [32m[restartedMain][0;39m [34mINFO [0;39m [1;37m[com.ulisesbocchio.jasyptspringboot.caching.CachingDelegateEncryptablePropertySource.refresh:[33m92[0;39m][0;39m - Property Source systemEnvironment refreshed
[2024-01-25 22:43:09:7498] [32m[restartedMain][0;39m [34mINFO [0;39m [1;37m[com.ulisesbocchio.jasyptspringboot.caching.CachingDelegateEncryptablePropertySource.refresh:[33m92[0;39m][0;39m - Property Source random refreshed
[2024-01-25 22:43:09:7498] [32m[restartedMain][0;39m [34mINFO [0;39m [1;37m[com.ulisesbocchio.jasyptspringboot.caching.CachingDelegateEncryptablePropertySource.refresh:[33m92[0;39m][0;39m - Property Source Config resource 'class path resource [application.properties]' via location 'optional:classpath:/' refreshed
[2024-01-25 22:43:09:7498] [32m[restartedMain][0;39m [34mINFO [0;39m [1;37m[com.ulisesbocchio.jasyptspringboot.caching.CachingDelegateEncryptablePropertySource.refresh:[33m92[0;39m][0;39m - Property Source devtools refreshed
[2024-01-25 22:43:09:7498] [32m[restartedMain][0;39m [34mINFO [0;39m [1;37m[com.ulisesbocchio.jasyptspringboot.caching.CachingDelegateEncryptablePropertySource.refresh:[33m92[0;39m][0;39m - Property Source class path resource [application.properties] refreshed
[2024-01-25 22:43:09:7498] [32m[restartedMain][0;39m [34mINFO [0;39m [1;37m[com.ulisesbocchio.jasyptspringboot.EncryptablePropertySourceConverter.makeEncryptable:[33m105[0;39m][0;39m - Skipping PropertySource configurationProperties [class org.springframework.boot.context.properties.source.ConfigurationPropertySourcesPropertySource
[2024-01-25 22:43:09:7498] [32m[restartedMain][0;39m [34mINFO [0;39m [1;37m[com.ulisesbocchio.jasyptspringboot.EncryptablePropertySourceConverter.makeEncryptable:[33m105[0;39m][0;39m - Skipping PropertySource servletConfigInitParams [class org.springframework.core.env.PropertySource$StubPropertySource
[2024-01-25 22:43:09:7498] [32m[restartedMain][0;39m [34mINFO [0;39m [1;37m[com.ulisesbocchio.jasyptspringboot.EncryptablePropertySourceConverter.makeEncryptable:[33m110[0;39m][0;39m - Converting PropertySource servletContextInitParams [org.springframework.web.context.support.ServletContextPropertySource] to EncryptableEnumerablePropertySourceWrapper
[2024-01-25 22:43:09:7508] [32m[restartedMain][0;39m [34mINFO [0;39m [1;37m[org.springframework.boot.StartupInfoLogger.logStarted:[33m56[0;39m][0;39m - Started CloneTvingApplication in 7.248 seconds (process running for 7.706)
[2024-01-25 22:46:01:880 ] [32m[background-preinit][0;39m [34mINFO [0;39m [1;37m[org.hibernate.validator.internal.util.Version.<clinit>:[33m21[0;39m][0;39m - HV000001: Hibernate Validator 8.0.1.Final
[2024-01-25 22:46:01:931 ] [32m[restartedMain][0;39m [34mINFO [0;39m [1;37m[org.springframework.boot.StartupInfoLogger.logStarting:[33m50[0;39m][0;39m - Starting CloneTvingApplication using Java 17.0.8 with PID 12380 (C:\Users\zmfms\Desktop\Hoyeonjigi\CloneTving\clone-tving\build\classes\java\main started by zmfms in C:\Users\zmfms\Desktop\Hoyeonjigi\CloneTving)
[2024-01-25 22:46:01:931 ] [32m[restartedMain][0;39m [34mINFO [0;39m [1;37m[org.springframework.boot.SpringApplication.logStartupProfileInfo:[33m659[0;39m][0;39m - The following 1 profile is active: "prod"
[2024-01-25 22:46:01:986 ] [32m[restartedMain][0;39m [34mINFO [0;39m [1;37m[org.springframework.boot.logging.DeferredLog.logTo:[33m252[0;39m][0;39m - Devtools property defaults active! Set 'spring.devtools.add-properties' to 'false' to disable
[2024-01-25 22:46:01:986 ] [32m[restartedMain][0;39m [34mINFO [0;39m [1;37m[org.springframework.boot.logging.DeferredLog.logTo:[33m252[0;39m][0;39m - For additional web related logging consider setting the 'logging.level.web' property to 'DEBUG'
[2024-01-25 22:46:02:2244] [32m[restartedMain][0;39m [34mINFO [0;39m [1;37m[org.springframework.data.repository.config.RepositoryConfigurationDelegate.registerRepositoriesIn:[33m139[0;39m][0;39m - Bootstrapping Spring Data JPA repositories in DEFAULT mode.
[2024-01-25 22:46:03:2366] [32m[restartedMain][0;39m [34mINFO [0;39m [1;37m[org.springframework.data.repository.config.RepositoryConfigurationDelegate.registerRepositoriesIn:[33m208[0;39m][0;39m - Finished Spring Data repository scanning in 114 ms. Found 6 JPA repository interfaces.
[2024-01-25 22:46:03:2911] [32m[restartedMain][0;39m [34mINFO [0;39m [1;37m[com.ulisesbocchio.jasyptspringboot.configuration.EnableEncryptablePropertiesBeanFactoryPostProcessor.postProcessBeanFactory:[33m44[0;39m][0;39m - Post-processing PropertySource instances
[2024-01-25 22:46:03:2913] [32m[restartedMain][0;39m [34mINFO [0;39m [1;37m[com.ulisesbocchio.jasyptspringboot.EncryptablePropertySourceConverter.makeEncryptable:[33m105[0;39m][0;39m - Skipping PropertySource configurationProperties [class org.springframework.boot.context.properties.source.ConfigurationPropertySourcesPropertySource
[2024-01-25 22:46:03:2913] [32m[restartedMain][0;39m [34mINFO [0;39m [1;37m[com.ulisesbocchio.jasyptspringboot.EncryptablePropertySourceConverter.makeEncryptable:[33m105[0;39m][0;39m - Skipping PropertySource servletConfigInitParams [class org.springframework.core.env.PropertySource$StubPropertySource
[2024-01-25 22:46:03:2913] [32m[restartedMain][0;39m [34mINFO [0;39m [1;37m[com.ulisesbocchio.jasyptspringboot.EncryptablePropertySourceConverter.makeEncryptable:[33m105[0;39m][0;39m - Skipping PropertySource servletContextInitParams [class org.springframework.core.env.PropertySource$StubPropertySource
[2024-01-25 22:46:03:2914] [32m[restartedMain][0;39m [34mINFO [0;39m [1;37m[com.ulisesbocchio.jasyptspringboot.EncryptablePropertySourceConverter.makeEncryptable:[33m110[0;39m][0;39m - Converting PropertySource systemProperties [org.springframework.core.env.PropertiesPropertySource] to EncryptableMapPropertySourceWrapper
[2024-01-25 22:46:03:2915] [32m[restartedMain][0;39m [34mINFO [0;39m [1;37m[com.ulisesbocchio.jasyptspringboot.EncryptablePropertySourceConverter.makeEncryptable:[33m110[0;39m][0;39m - Converting PropertySource systemEnvironment [org.springframework.boot.env.SystemEnvironmentPropertySourceEnvironmentPostProcessor$OriginAwareSystemEnvironmentPropertySource] to EncryptableSystemEnvironmentPropertySourceWrapper
[2024-01-25 22:46:03:2915] [32m[restartedMain][0;39m [34mINFO [0;39m [1;37m[com.ulisesbocchio.jasyptspringboot.EncryptablePropertySourceConverter.makeEncryptable:[33m110[0;39m][0;39m - Converting PropertySource random [org.springframework.boot.env.RandomValuePropertySource] to EncryptablePropertySourceWrapper
[2024-01-25 22:46:03:2915] [32m[restartedMain][0;39m [34mINFO [0;39m [1;37m[com.ulisesbocchio.jasyptspringboot.EncryptablePropertySourceConverter.makeEncryptable:[33m110[0;39m][0;39m - Converting PropertySource Config resource 'class path resource [application.properties]' via location 'optional:classpath:/' [org.springframework.boot.env.OriginTrackedMapPropertySource] to EncryptableMapPropertySourceWrapper
[2024-01-25 22:46:03:2915] [32m[restartedMain][0;39m [34mINFO [0;39m [1;37m[com.ulisesbocchio.jasyptspringboot.EncryptablePropertySourceConverter.makeEncryptable:[33m110[0;39m][0;39m - Converting PropertySource devtools [org.springframework.core.env.MapPropertySource] to EncryptableMapPropertySourceWrapper
[2024-01-25 22:46:03:2915] [32m[restartedMain][0;39m [34mINFO [0;39m [1;37m[com.ulisesbocchio.jasyptspringboot.EncryptablePropertySourceConverter.makeEncryptable:[33m110[0;39m][0;39m - Converting PropertySource class path resource [application.properties] [org.springframework.core.io.support.ResourcePropertySource] to EncryptableMapPropertySourceWrapper
[2024-01-25 22:46:03:3188] [32m[restartedMain][0;39m [34mINFO [0;39m [1;37m[com.ulisesbocchio.jasyptspringboot.filter.DefaultLazyPropertyFilter.lambda$new$2:[33m45[0;39m][0;39m - Property Filter custom Bean not found with name 'encryptablePropertyFilter'. Initializing Default Property Filter
[2024-01-25 22:46:03:3202] [32m[restartedMain][0;39m [34mINFO [0;39m [1;37m[com.ulisesbocchio.jasyptspringboot.resolver.DefaultLazyPropertyResolver.lambda$new$2:[33m46[0;39m][0;39m - Property Resolver custom Bean not found with name 'encryptablePropertyResolver'. Initializing Default Property Resolver
[2024-01-25 22:46:03:3207] [32m[restartedMain][0;39m [34mINFO [0;39m [1;37m[com.ulisesbocchio.jasyptspringboot.detector.DefaultLazyPropertyDetector.lambda$new$2:[33m44[0;39m][0;39m - Property Detector custom Bean not found with name 'encryptablePropertyDetector'. Initializing Default Property Detector
[2024-01-25 22:46:04:3594] [32m[restartedMain][0;39m [34mINFO [0;39m [1;37m[org.springframework.boot.web.embedded.tomcat.TomcatWebServer.initialize:[33m108[0;39m][0;39m - Tomcat initialized with port 8090 (http)
[2024-01-25 22:46:04:3606] [32m[restartedMain][0;39m [34mINFO [0;39m [1;37m[org.apache.juli.logging.DirectJDKLog.log:[33m173[0;39m][0;39m - Initializing ProtocolHandler ["http-nio-8090"]
[2024-01-25 22:46:04:3609] [32m[restartedMain][0;39m [34mINFO [0;39m [1;37m[org.apache.juli.logging.DirectJDKLog.log:[33m173[0;39m][0;39m - Starting service [Tomcat]
[2024-01-25 22:46:04:3609] [32m[restartedMain][0;39m [34mINFO [0;39m [1;37m[org.apache.juli.logging.DirectJDKLog.log:[33m173[0;39m][0;39m - Starting Servlet engine: [Apache Tomcat/10.1.16]
[2024-01-25 22:46:04:3675] [32m[restartedMain][0;39m [34mINFO [0;39m [1;37m[org.apache.juli.logging.DirectJDKLog.log:[33m173[0;39m][0;39m - Initializing Spring embedded WebApplicationContext
[2024-01-25 22:46:04:3675] [32m[restartedMain][0;39m [34mINFO [0;39m [1;37m[org.springframework.boot.web.servlet.context.ServletWebServerApplicationContext.prepareWebApplicationContext:[33m296[0;39m][0;39m - Root WebApplicationContext: initialization completed in 2688 ms
[2024-01-25 22:46:04:3814] [32m[restartedMain][0;39m [34mINFO [0;39m [1;37m[com.ulisesbocchio.jasyptspringboot.encryptor.DefaultLazyEncryptor.lambda$new$1:[33m41[0;39m][0;39m - Found Custom Encryptor Bean org.jasypt.encryption.pbe.PooledPBEStringEncryptor@d27e1d1 with name: jasyptEncryptorAES
[2024-01-25 22:46:04:3958] [32m[restartedMain][0;39m [34mINFO [0;39m [1;37m[com.zaxxer.hikari.HikariDataSource.<init>:[33m80[0;39m][0;39m - HikariPool-1 - Starting...
[2024-01-25 22:46:05:4500] [32m[restartedMain][0;39m [34mINFO [0;39m [1;37m[com.zaxxer.hikari.pool.HikariPool.checkFailFast:[33m565[0;39m][0;39m - HikariPool-1 - Added connection com.mysql.cj.jdbc.ConnectionImpl@2c9a5443
[2024-01-25 22:46:05:4503] [32m[restartedMain][0;39m [34mINFO [0;39m [1;37m[com.zaxxer.hikari.HikariDataSource.<init>:[33m82[0;39m][0;39m - HikariPool-1 - Start completed.
[2024-01-25 22:46:05:4611] [32m[restartedMain][0;39m [34mINFO [0;39m [1;37m[org.hibernate.jpa.internal.util.LogHelper.logPersistenceUnitInformation:[33m31[0;39m][0;39m - HHH000204: Processing PersistenceUnitInfo [name: default]
[2024-01-25 22:46:05:4683] [32m[restartedMain][0;39m [34mINFO [0;39m [1;37m[org.hibernate.Version.logVersion:[33m44[0;39m][0;39m - HHH000412: Hibernate ORM core version 6.3.1.Final
[2024-01-25 22:46:05:4731] [32m[restartedMain][0;39m [34mINFO [0;39m [1;37m[org.hibernate.cache.internal.RegionFactoryInitiator.initiateService:[33m50[0;39m][0;39m - HHH000026: Second-level cache disabled
[2024-01-25 22:46:05:5014] [32m[restartedMain][0;39m [34mINFO [0;39m [1;37m[org.springframework.orm.jpa.persistenceunit.SpringPersistenceUnitInfo.addTransformer:[33m87[0;39m][0;39m - No LoadTimeWeaver setup: ignoring JPA class transformer
[2024-01-25 22:46:06:6236] [32m[restartedMain][0;39m [34mINFO [0;39m [1;37m[org.hibernate.engine.transaction.jta.platform.internal.JtaPlatformInitiator.initiateService:[33m58[0;39m][0;39m - HHH000489: No JTA platform available (set 'hibernate.transaction.jta.platform' to enable JTA platform integration)
[2024-01-25 22:46:06:6242] [32m[restartedMain][0;39m [34mINFO [0;39m [1;37m[org.springframework.orm.jpa.AbstractEntityManagerFactoryBean.buildNativeEntityManagerFactory:[33m437[0;39m][0;39m - Initialized JPA EntityManagerFactory for persistence unit 'default'
[2024-01-25 22:46:07:6576] [32m[restartedMain][0;39m [34mINFO [0;39m [1;37m[org.springframework.data.jpa.repository.query.QueryEnhancerFactory.<clinit>:[33m49[0;39m][0;39m - Hibernate is in classpath; If applicable, HQL parser will be used.
[2024-01-25 22:46:08:7706] [32m[restartedMain][0;39m [34mINFO [0;39m [1;37m[org.springframework.security.web.DefaultSecurityFilterChain.<init>:[33m54[0;39m][0;39m - Will secure any request with [org.springframework.security.web.session.DisableEncodeUrlFilter@6546c9cf, org.springframework.security.web.context.request.async.WebAsyncManagerIntegrationFilter@6e6c0576, org.springframework.security.web.context.SecurityContextHolderFilter@2ee08d09, org.springframework.security.web.header.HeaderWriterFilter@2e8bea34, org.springframework.web.filter.CorsFilter@238c1407, org.springframework.security.web.authentication.logout.LogoutFilter@484228cf, site.hoyeonjigi.clonetving.common.ExceptionHandlerFilter@3805ac59, site.hoyeonjigi.clonetving.common.JwtAuthenticationFilter@6bde1227, org.springframework.security.web.savedrequest.RequestCacheAwareFilter@15172b62, org.springframework.security.web.servletapi.SecurityContextHolderAwareRequestFilter@401fa373, org.springframework.security.web.authentication.AnonymousAuthenticationFilter@6597fd9f, org.springframework.security.web.session.SessionManagementFilter@7696b797, org.springframework.security.web.access.ExceptionTranslationFilter@6bf4f817, org.springframework.security.web.access.intercept.AuthorizationFilter@582a7160]
[2024-01-25 22:46:08:8048] [32m[restartedMain][0;39m [34mINFO [0;39m [1;37m[org.springframework.boot.devtools.autoconfigure.OptionalLiveReloadServer.startServer:[33m59[0;39m][0;39m - LiveReload server is running on port 35729
[2024-01-25 22:46:08:8063] [32m[restartedMain][0;39m [34mINFO [0;39m [1;37m[org.apache.juli.logging.DirectJDKLog.log:[33m173[0;39m][0;39m - Starting ProtocolHandler ["http-nio-8090"]
[2024-01-25 22:46:08:8082] [32m[restartedMain][0;39m [34mINFO [0;39m [1;37m[org.springframework.boot.web.embedded.tomcat.TomcatWebServer.start:[33m221[0;39m][0;39m - Tomcat started on port 8090 (http) with context path ''
[2024-01-25 22:46:08:8084] [32m[restartedMain][0;39m [34mINFO [0;39m [1;37m[com.ulisesbocchio.jasyptspringboot.caching.RefreshScopeRefreshedEventListener.onApplicationEvent:[33m70[0;39m][0;39m - Refreshing cached encryptable property sources on ServletWebServerInitializedEvent
[2024-01-25 22:46:08:8084] [32m[restartedMain][0;39m [34mINFO [0;39m [1;37m[com.ulisesbocchio.jasyptspringboot.caching.CachingDelegateEncryptablePropertySource.refresh:[33m92[0;39m][0;39m - Property Source systemProperties refreshed
[2024-01-25 22:46:08:8085] [32m[restartedMain][0;39m [34mINFO [0;39m [1;37m[com.ulisesbocchio.jasyptspringboot.caching.CachingDelegateEncryptablePropertySource.refresh:[33m92[0;39m][0;39m - Property Source systemEnvironment refreshed
[2024-01-25 22:46:08:8085] [32m[restartedMain][0;39m [34mINFO [0;39m [1;37m[com.ulisesbocchio.jasyptspringboot.caching.CachingDelegateEncryptablePropertySource.refresh:[33m92[0;39m][0;39m - Property Source random refreshed
[2024-01-25 22:46:08:8085] [32m[restartedMain][0;39m [34mINFO [0;39m [1;37m[com.ulisesbocchio.jasyptspringboot.caching.CachingDelegateEncryptablePropertySource.refresh:[33m92[0;39m][0;39m - Property Source Config resource 'class path resource [application.properties]' via location 'optional:classpath:/' refreshed
[2024-01-25 22:46:08:8085] [32m[restartedMain][0;39m [34mINFO [0;39m [1;37m[com.ulisesbocchio.jasyptspringboot.caching.CachingDelegateEncryptablePropertySource.refresh:[33m92[0;39m][0;39m - Property Source devtools refreshed
[2024-01-25 22:46:08:8085] [32m[restartedMain][0;39m [34mINFO [0;39m [1;37m[com.ulisesbocchio.jasyptspringboot.caching.CachingDelegateEncryptablePropertySource.refresh:[33m92[0;39m][0;39m - Property Source class path resource [application.properties] refreshed
[2024-01-25 22:46:08:8085] [32m[restartedMain][0;39m [34mINFO [0;39m [1;37m[com.ulisesbocchio.jasyptspringboot.EncryptablePropertySourceConverter.makeEncryptable:[33m105[0;39m][0;39m - Skipping PropertySource configurationProperties [class org.springframework.boot.context.properties.source.ConfigurationPropertySourcesPropertySource
[2024-01-25 22:46:08:8085] [32m[restartedMain][0;39m [34mINFO [0;39m [1;37m[com.ulisesbocchio.jasyptspringboot.EncryptablePropertySourceConverter.makeEncryptable:[33m105[0;39m][0;39m - Skipping PropertySource servletConfigInitParams [class org.springframework.core.env.PropertySource$StubPropertySource
[2024-01-25 22:46:08:8085] [32m[restartedMain][0;39m [34mINFO [0;39m [1;37m[com.ulisesbocchio.jasyptspringboot.EncryptablePropertySourceConverter.makeEncryptable:[33m110[0;39m][0;39m - Converting PropertySource servletContextInitParams [org.springframework.web.context.support.ServletContextPropertySource] to EncryptableEnumerablePropertySourceWrapper
[2024-01-25 22:46:08:8093] [32m[restartedMain][0;39m [34mINFO [0;39m [1;37m[org.springframework.boot.StartupInfoLogger.logStarted:[33m56[0;39m][0;39m - Started CloneTvingApplication in 7.768 seconds (process running for 8.327)
[2024-01-25 22:46:16:16072] [32m[http-nio-8090-exec-2][0;39m [34mINFO [0;39m [1;37m[org.apache.juli.logging.DirectJDKLog.log:[33m173[0;39m][0;39m - Initializing Spring DispatcherServlet 'dispatcherServlet'
[2024-01-25 22:46:16:16074] [32m[http-nio-8090-exec-2][0;39m [34mINFO [0;39m [1;37m[org.springframework.web.servlet.FrameworkServlet.initServletBean:[33m532[0;39m][0;39m - Initializing Servlet 'dispatcherServlet'
[2024-01-25 22:46:16:16076] [32m[http-nio-8090-exec-2][0;39m [34mINFO [0;39m [1;37m[org.springframework.web.servlet.FrameworkServlet.initServletBean:[33m554[0;39m][0;39m - Completed initialization in 2 ms
